
Clndrs -inf 4
Clndrs 4 5
Clndrs 5 inf

Volume -inf 71
Volume 71 119
Volume 119 inf

Model -inf 82
Model 82 inf

origin 1 1
origin 2 2
origin 3 3

Model 82 inf 1.0 {'best': 6}
Volume 71 119 0.75 {'best': 6, 'rest': 6}
Clndrs 4 5 0.69 {'best': 6, 'rest': 8}
origin 1 1 0.62 {'best': 6, 'rest': 11}
Clndrs -inf 4 0.0 {'rest': 2}
Clndrs 5 inf 0.0 {'rest': 8}
Volume -inf 71 0.0 {'rest': 1}
Volume 119 inf 0.0 {'rest': 11}
Model -inf 82 0.0 {'rest': 18}
origin 2 2 0.0 {'rest': 3}
origin 3 3 0.0 {'rest': 4}
{'Model': [[82, inf]]}
{'Model': [[82, inf]], 'Volume': [[71, 119]]}
{'Model': [[82, inf]], 'Volume': [[71, 119]], 'Clndrs': [[4, 5]]}
{'Model': [[82, inf]], 'Volume': [[71, 119]], 'Clndrs': [[4, 5]], 'origin': [1]}

-----------
explain= {'Model': [[82, inf]]}
all                {'Lbs-': 2807.0, 'Acc+': 15.5, 'Mpg+': 20.0, 'N': 398} {'Lbs-': 886.82, 'Acc+': 2.71, 'Mpg+': 7.75, 'N': 398}
sway1 with 7 evals {'Lbs-': 2575.0, 'Acc+': 18.0, 'Mpg+': 30.0, 'N': 6} {'Lbs-': 199.61, 'Acc+': 1.32, 'Mpg+': 3.88, 'N': 6}
xpln1 on 7 evals {'Lbs-': 2575.0, 'Acc+': 16.4, 'Mpg+': 30.0, 'N': 31} {'Lbs-': 375.97, 'Acc+': 1.98, 'Mpg+': 3.88, 'N': 31}
top with 398 evals {'Lbs-': 1950.0, 'Acc+': 20.5, 'Mpg+': 30.0, 'N': 6} {'Lbs-': 162.79, 'Acc+': 1.74, 'Mpg+': 0.0, 'N': 6}

Clndrs -inf 5
Clndrs 5 inf

Volume -inf 136
Volume 136 198
Volume 198 inf

Model -inf 75
Model 75 inf

origin 1 1

Volume 136 198 1.0 {'best': 1}
Model -inf 75 1.0 {'best': 1}
Clndrs 5 inf 0.67 {'best': 1, 'rest': 1}
origin 1 1 0.5 {'best': 1, 'rest': 2}
Clndrs -inf 5 0.0 {'rest': 1}
Volume -inf 136 0.0 {'rest': 1}
Volume 198 inf 0.0 {'rest': 1}
Model 75 inf 0.0 {'rest': 2}
{'Volume': [[136, 198]]}
{'Volume': [[136, 198]], 'Model': [[-inf, 75]]}
{'Volume': [[136, 198]], 'Model': [[-inf, 75]], 'Clndrs': [[5, inf]]}
{'Volume': [[136, 198]], 'Model': [[-inf, 75]], 'Clndrs': [[5, inf]]}
Error ->  [11, 'bdom', 0.9, 0.1, 100, 0.5, 2]

Clndrs -inf 5
Clndrs 5 inf

Volume -inf 140
Volume 140 inf

Model -inf 73
Model 73 inf

origin 1 1
origin 2 2
origin 3 3

Model -inf 73 0.75 {'best': 3, 'rest': 2}
Clndrs -inf 5 0.67 {'best': 3, 'rest': 3}
Volume -inf 140 0.67 {'best': 3, 'rest': 3}
origin 1 1 0.6 {'best': 3, 'rest': 4}
Clndrs 5 inf 0.0 {'rest': 3}
Volume 140 inf 0.0 {'rest': 3}
Model 73 inf 0.0 {'rest': 4}
origin 2 2 0.0 {'rest': 1}
origin 3 3 0.0 {'rest': 1}
{'Model': [[-inf, 73]]}
{'Model': [[-inf, 73]], 'Clndrs': [[-inf, 5]]}
{'Model': [[-inf, 73]], 'Clndrs': [[-inf, 5]], 'Volume': [[-inf, 140]]}
{'Model': [[-inf, 73]], 'Clndrs': [[-inf, 5]], 'Volume': [[-inf, 140]], 'origin': [1]}

-----------
explain= {'Model': [[-inf, 73]], 'Clndrs': [[-inf, 5]], 'Volume': [[-inf, 140]]}
all                {'Lbs-': 2740.0, 'Acc+': 15.7, 'Mpg+': 20.0, 'N': 398} {'Lbs-': 864.34, 'Acc+': 2.33, 'Mpg+': 7.75, 'N': 398}
sway1 with 8 evals {'Lbs-': 2126.0, 'Acc+': 20.5, 'Mpg+': 30.0, 'N': 3} {'Lbs-': 66.28, 'Acc+': 1.36, 'Mpg+': 0.0, 'N': 3}
xpln1 on 8 evals {'Lbs-': 2226.0, 'Acc+': 16.5, 'Mpg+': 30.0, 'N': 32} {'Lbs-': 324.42, 'Acc+': 2.52, 'Mpg+': 3.88, 'N': 32}
top with 398 evals {'Lbs-': 2254.0, 'Acc+': 23.5, 'Mpg+': 30.0, 'N': 3} {'Lbs-': 162.4, 'Acc+': 1.16, 'Mpg+': 3.88, 'N': 3}

Clndrs -inf 5
Clndrs 5 inf

Volume -inf 72
Volume 72 inf

Model -inf 73
Model 73 inf

origin 1 1
origin 3 3

Volume -inf 72 1.0 {'best': 1}
Clndrs -inf 5 0.83 {'best': 1, 'rest': 1}
origin 3 3 0.83 {'best': 1, 'rest': 1}
Model -inf 73 0.63 {'best': 1, 'rest': 3}
Clndrs 5 inf 0.0 {'rest': 4}
Volume 72 inf 0.0 {'rest': 5}
Model 73 inf 0.0 {'rest': 2}
origin 1 1 0.0 {'rest': 4}
{'Volume': [[-inf, 72]]}
{'Volume': [[-inf, 72]], 'Clndrs': [[-inf, 5]]}
{'Volume': [[-inf, 72]], 'Clndrs': [[-inf, 5]], 'origin': [3]}
{'Volume': [[-inf, 72]], 'Clndrs': [[-inf, 5]], 'origin': [3], 'Model': [[-inf, 73]]}

-----------
explain= {'Volume': [[-inf, 72]]}
all                {'Lbs-': 2807.0, 'Acc+': 15.5, 'Mpg+': 20.0, 'N': 398} {'Lbs-': 886.82, 'Acc+': 2.71, 'Mpg+': 7.75, 'N': 398}
sway1 with 9 evals {'Lbs-': 1773.0, 'Acc+': 19.0, 'Mpg+': 30.0, 'N': 1} {'Lbs-': 0.0, 'Acc+': 0.0, 'Mpg+': 0.0, 'N': 1}
xpln1 on 9 evals {'Lbs-': 2124.0, 'Acc+': 19.0, 'Mpg+': 30.0, 'N': 6} {'Lbs-': 226.36, 'Acc+': 2.91, 'Mpg+': 3.88, 'N': 6}
top with 398 evals {'Lbs-': 2130.0, 'Acc+': 24.6, 'Mpg+': 40.0, 'N': 1} {'Lbs-': 0.0, 'Acc+': 0.0, 'Mpg+': 0.0, 'N': 1}

Clndrs -inf 6
Clndrs 6 inf

Volume -inf 91
Volume 91 258
Volume 258 inf

Model -inf 74
Model 74 inf

origin 1 1
origin 2 2
origin 3 3

Model -inf 74 0.71 {'best': 3, 'rest': 6}
origin 1 1 0.68 {'best': 3, 'rest': 7}
Clndrs -inf 6 0.6 {'best': 3, 'rest': 10}
Volume 91 258 0.39 {'best': 2, 'rest': 7}
Volume -inf 91 0.21 {'best': 1, 'rest': 3}
Clndrs 6 inf 0.0 {'rest': 5}
Volume 258 inf 0.0 {'rest': 5}
Model 74 inf 0.0 {'rest': 9}
origin 2 2 0.0 {'rest': 4}
origin 3 3 0.0 {'rest': 4}
{'Model': [[-inf, 74]]}
{'Model': [[-inf, 74]], 'origin': [1]}
{'Model': [[-inf, 74]], 'origin': [1], 'Clndrs': [[-inf, 6]]}
{'Model': [[-inf, 74]], 'origin': [1], 'Clndrs': [[-inf, 6]], 'Volume': [[91, 258]]}
{'Model': [[-inf, 74]], 'origin': [1], 'Clndrs': [[-inf, 6]], 'Volume': [[-inf, 258]]}

-----------
explain= {'Model': [[-inf, 74]], 'origin': [1], 'Clndrs': [[-inf, 6]]}
all                {'Lbs-': 2807.0, 'Acc+': 15.5, 'Mpg+': 20.0, 'N': 398} {'Lbs-': 886.82, 'Acc+': 2.71, 'Mpg+': 7.75, 'N': 398}
sway1 with 8 evals {'Lbs-': 2164.0, 'Acc+': 20.5, 'Mpg+': 30.0, 'N': 3} {'Lbs-': 81.01, 'Acc+': 2.13, 'Mpg+': 0.0, 'N': 3}
xpln1 on 8 evals {'Lbs-': 2264.0, 'Acc+': 18.5, 'Mpg+': 20.0, 'N': 12} {'Lbs-': 140.31, 'Acc+': 2.13, 'Mpg+': 3.88, 'N': 12}
top with 398 evals {'Lbs-': 2254.0, 'Acc+': 23.5, 'Mpg+': 30.0, 'N': 3} {'Lbs-': 162.4, 'Acc+': 1.16, 'Mpg+': 3.88, 'N': 3}

Clndrs -inf 5
Clndrs 5 inf

Volume -inf 111
Volume 111 135
Volume 135 inf

Model -inf 82
Model 82 inf

origin 1 1
origin 2 2

Volume 111 135 1.0 {'best': 1}
Model 82 inf 0.83 {'best': 1, 'rest': 1}
Clndrs -inf 5 0.63 {'best': 1, 'rest': 3}
origin 1 1 0.63 {'best': 1, 'rest': 3}
Clndrs 5 inf 0.0 {'rest': 2}
Volume -inf 111 0.0 {'rest': 3}
Volume 135 inf 0.0 {'rest': 2}
Model -inf 82 0.0 {'rest': 4}
origin 2 2 0.0 {'rest': 2}
{'Volume': [[111, 135]]}
{'Volume': [[111, 135]], 'Model': [[82, inf]]}
{'Volume': [[111, 135]], 'Model': [[82, inf]], 'Clndrs': [[-inf, 5]]}
{'Volume': [[111, 135]], 'Model': [[82, inf]], 'Clndrs': [[-inf, 5]], 'origin': [1]}
Error ->  [13, ' hv', 0.86, 0.1, 600, 2.5, 5]

Clndrs -inf 5
Clndrs 5 6
Clndrs 6 7
Clndrs 7 inf

Volume -inf 91
Volume 91 145
Volume 145 225
Volume 225 inf

Model -inf 74
Model 74 76
Model 76 78
Model 78 79
Model 79 inf

origin 1 1
origin 2 2

origin 2 2 0.92 {'best': 6, 'rest': 1}
Volume 145 225 0.53 {'best': 4, 'rest': 2}
Clndrs 6 7 0.48 {'best': 4, 'rest': 3}
Model 76 78 0.43 {'best': 3, 'rest': 1}
Clndrs 5 6 0.33 {'best': 2}
Volume 91 145 0.19 {'best': 2, 'rest': 3}
Model 78 79 0.17 {'best': 1}
Model 79 inf 0.11 {'best': 1, 'rest': 1}
Model 74 76 0.07 {'best': 1, 'rest': 3}
Clndrs -inf 5 0.0 {'rest': 4}
Clndrs 7 inf 0.0 {'rest': 5}
Volume -inf 91 0.0 {'rest': 1}
Volume 225 inf 0.0 {'rest': 6}
Model -inf 74 0.0 {'rest': 7}
origin 1 1 0.0 {'rest': 11}
{'origin': [2]}
{'origin': [2], 'Volume': [[145, 225]]}
{'origin': [2], 'Volume': [[145, 225]], 'Clndrs': [[6, 7]]}
{'origin': [2], 'Volume': [[145, 225]], 'Clndrs': [[6, 7]], 'Model': [[76, 78]]}
{'origin': [2], 'Volume': [[145, 225]], 'Clndrs': [[5, 7]], 'Model': [[76, 78]]}
{'origin': [2], 'Volume': [[91, 225]], 'Clndrs': [[5, 7]], 'Model': [[76, 78]]}
{'origin': [2], 'Volume': [[91, 225]], 'Clndrs': [[5, 7]], 'Model': [[76, 79]]}
{'origin': [2], 'Volume': [[91, 225]], 'Clndrs': [[5, 7]], 'Model': [[76, inf]]}

-----------
explain= {'origin': [2], 'Volume': [[91, 225], [145, 225]], 'Clndrs': [[5, 7], [6, 7]], 'Model': [[76, 79], [78, inf]]}
all                {'Lbs-': 2807.0, 'Acc+': 15.5, 'Mpg+': 20.0, 'N': 398} {'Lbs-': 886.82, 'Acc+': 2.71, 'Mpg+': 7.75, 'N': 398}
sway1 with 7 evals {'Lbs-': 3410.0, 'Acc+': 16.7, 'Mpg+': 20.0, 'N': 6} {'Lbs-': 263.57, 'Acc+': 1.67, 'Mpg+': 3.88, 'N': 6}
xpln1 on 7 evals {'Lbs-': 3410.0, 'Acc+': 19.6, 'Mpg+': 30.0, 'N': 7} {'Lbs-': 337.21, 'Acc+': 1.67, 'Mpg+': 7.75, 'N': 7}
top with 398 evals {'Lbs-': 3250.0, 'Acc+': 20.4, 'Mpg+': 30.0, 'N': 6} {'Lbs-': 207.36, 'Acc+': 1.9, 'Mpg+': 3.88, 'N': 6}

Clndrs -inf 4
Clndrs 4 6
Clndrs 6 inf

Volume -inf 85
Volume 85 258
Volume 258 inf

Model -inf 74
Model 74 inf

origin 1 1
origin 2 2
origin 3 3

origin 2 2 0.88 {'best': 3, 'rest': 2}
Model -inf 74 0.75 {'best': 3, 'rest': 5}
Volume 85 258 0.58 {'best': 3, 'rest': 11}
Clndrs 4 6 0.54 {'best': 3, 'rest': 13}
Clndrs -inf 4 0.0 {'rest': 1}
Clndrs 6 inf 0.0 {'rest': 1}
Volume -inf 85 0.0 {'rest': 3}
Volume 258 inf 0.0 {'rest': 1}
Model 74 inf 0.0 {'rest': 10}
origin 1 1 0.0 {'rest': 4}
origin 3 3 0.0 {'rest': 9}
{'origin': [2]}
{'origin': [2], 'Model': [[-inf, 74]]}
{'origin': [2], 'Model': [[-inf, 74]], 'Volume': [[85, 258]]}
{'origin': [2], 'Model': [[-inf, 74]], 'Volume': [[85, 258]], 'Clndrs': [[4, 6]]}

-----------
explain= {'origin': [2], 'Model': [[-inf, 74]]}
all                {'Lbs-': 2807.0, 'Acc+': 15.5, 'Mpg+': 20.0, 'N': 398} {'Lbs-': 886.82, 'Acc+': 2.71, 'Mpg+': 7.75, 'N': 398}
sway1 with 8 evals {'Lbs-': 2375.0, 'Acc+': 20.5, 'Mpg+': 30.0, 'N': 3} {'Lbs-': 209.69, 'Acc+': 1.16, 'Mpg+': 0.0, 'N': 3}
xpln1 on 8 evals {'Lbs-': 2265.0, 'Acc+': 17.5, 'Mpg+': 30.0, 'N': 21} {'Lbs-': 413.18, 'Acc+': 2.71, 'Mpg+': 3.88, 'N': 21}
top with 398 evals {'Lbs-': 2335.0, 'Acc+': 24.6, 'Mpg+': 50.0, 'N': 3} {'Lbs-': 87.21, 'Acc+': 2.6, 'Mpg+': 3.88, 'N': 3}

Clndrs -inf 5
Clndrs 5 inf

Volume -inf 120
Volume 120 inf

Model -inf 76
Model 76 77
Model 77 78
Model 78 80
Model 80 inf

origin 1 1
origin 2 2
origin 3 3

Volume -inf 120 0.75 {'best': 6, 'rest': 10}
Clndrs -inf 5 0.68 {'best': 6, 'rest': 14}
origin 1 1 0.64 {'best': 6, 'rest': 17}
Model 77 78 0.44 {'best': 3, 'rest': 2}
Model 76 77 0.2 {'best': 2, 'rest': 7}
Model 78 80 0.09 {'best': 1, 'rest': 4}
Clndrs 5 inf 0.0 {'rest': 16}
Volume 120 inf 0.0 {'rest': 20}
Model -inf 76 0.0 {'rest': 14}
Model 80 inf 0.0 {'rest': 3}
origin 2 2 0.0 {'rest': 8}
origin 3 3 0.0 {'rest': 5}
{'Volume': [[-inf, 120]]}
{'Volume': [[-inf, 120]], 'Clndrs': [[-inf, 5]]}
{'Volume': [[-inf, 120]], 'Clndrs': [[-inf, 5]], 'origin': [1]}
{'Volume': [[-inf, 120]], 'Clndrs': [[-inf, 5]], 'origin': [1], 'Model': [[77, 78]]}
{'Volume': [[-inf, 120]], 'Clndrs': [[-inf, 5]], 'origin': [1], 'Model': [[76, 78]]}
{'Volume': [[-inf, 120]], 'Clndrs': [[-inf, 5]], 'origin': [1], 'Model': [[76, 80]]}

-----------
explain= {'Volume': [[-inf, 120]], 'Clndrs': [[-inf, 5]], 'origin': [1]}
all                {'Lbs-': 2700.0, 'Acc+': 15.4, 'Mpg+': 20.0, 'N': 398} {'Lbs-': 918.22, 'Acc+': 2.6, 'Mpg+': 7.75, 'N': 398}
sway1 with 7 evals {'Lbs-': 2075.0, 'Acc+': 15.9, 'Mpg+': 30.0, 'N': 6} {'Lbs-': 122.09, 'Acc+': 1.01, 'Mpg+': 3.88, 'N': 6}
xpln1 on 7 evals {'Lbs-': 2155.0, 'Acc+': 16.5, 'Mpg+': 30.0, 'N': 29} {'Lbs-': 251.94, 'Acc+': 2.4, 'Mpg+': 3.88, 'N': 29}
top with 398 evals {'Lbs-': 2110.0, 'Acc+': 21.7, 'Mpg+': 40.0, 'N': 6} {'Lbs-': 135.66, 'Acc+': 2.56, 'Mpg+': 3.88, 'N': 6}

Clndrs -inf 4
Clndrs 4 5
Clndrs 5 inf

Volume -inf 72
Volume 72 120
Volume 120 163
Volume 163 inf

Model -inf 79
Model 79 80
Model 80 81
Model 81 inf

origin 1 1
origin 2 2
origin 3 3

Model 79 80 0.74 {'best': 12, 'rest': 12}
Clndrs 4 5 0.68 {'best': 13, 'rest': 25}
origin 1 1 0.63 {'best': 13, 'rest': 30}
Volume 120 163 0.53 {'best': 8, 'rest': 5}
Volume 72 120 0.19 {'best': 5, 'rest': 20}
Model 80 81 0.05 {'best': 1, 'rest': 2}
Clndrs -inf 4 0.0 {'rest': 1}
Clndrs 5 inf 0.0 {'rest': 26}
Volume -inf 72 0.0 {'rest': 2}
Volume 163 inf 0.0 {'rest': 25}
Model -inf 79 0.0 {'rest': 35}
Model 81 inf 0.0 {'rest': 3}
origin 2 2 0.0 {'rest': 10}
origin 3 3 0.0 {'rest': 12}
{'Model': [[79, 80]]}
{'Model': [[79, 80]], 'Clndrs': [[4, 5]]}
{'Model': [[79, 80]], 'Clndrs': [[4, 5]], 'origin': [1]}
{'Model': [[79, 80]], 'Clndrs': [[4, 5]], 'origin': [1], 'Volume': [[120, 163]]}
{'Model': [[79, 80]], 'Clndrs': [[4, 5]], 'origin': [1], 'Volume': [[72, 163]]}

-----------
explain= {'Model': [[79, 80]], 'Clndrs': [[4, 5]]}
all                {'Lbs-': 2807.0, 'Acc+': 15.5, 'Mpg+': 20.0, 'N': 398} {'Lbs-': 886.82, 'Acc+': 2.71, 'Mpg+': 7.75, 'N': 398}
sway1 with 6 evals {'Lbs-': 2678.0, 'Acc+': 15.5, 'Mpg+': 30.0, 'N': 13} {'Lbs-': 421.71, 'Acc+': 2.67, 'Mpg+': 7.75, 'N': 13}
xpln1 on 6 evals {'Lbs-': 2200.0, 'Acc+': 15.0, 'Mpg+': 30.0, 'N': 12} {'Lbs-': 490.31, 'Acc+': 4.5, 'Mpg+': 3.88, 'N': 12}
top with 398 evals {'Lbs-': 2070.0, 'Acc+': 19.2, 'Mpg+': 40.0, 'N': 13} {'Lbs-': 197.67, 'Acc+': 2.6, 'Mpg+': 3.88, 'N': 13}
------------------
------------------
HPs
------------------
bins :  3
better :  zitler
Far :  0.86
min_size :  0.1
Max :  2600
dist :  1.0
rest :  5
------------------
------------------

sway on 9 evals {'Lbs-': 1773.0, 'Acc+': 19.0, 'Mpg+': 30.0, 'N': 1}
------------------
explain= {'Volume': [[-inf, 72]]}
HPs
------------------
bins :  3
better :  zitler
Far :  0.86
min_size :  0.1
Max :  2600
dist :  1.0
rest :  5
------------------
------------------
xpln on 9 evals {'Lbs-': 2124.0, 'Acc+': 19.0, 'Mpg+': 30.0, 'N': 6}
Best Xpln HPs
✅ pass:	 hpo
{'eps': 0.05, 'minpts': 5, 'bins': 16, 'sway': 'original', 'better': 'zitler', 'file': 'data/auto93.csv', 'Far': 0.95, 'min': 0.5, 'Max': 512, 'p': 2, 'rest': 4, 'go': 'all', 'help': False, 'Reuse': True, 'seed': 937162211, 'debug': False, 'bootstrap': 512, 'conf': 0.05, 'cliffs': 0.147, 'cohen': 0.35, 'width': 40}
✅ pass:	 the
#W ?k <class 'str'>
#W ?v <class 'dict'>
#W ?settings <class 'function'>
#W ?cli <class 'function'>
#W ?make_attempt <class 'function'>
#W ?main <class 'function'>
#W ?Seed <class 'int'>
✅ Number of tests passing -> 2
❌ Number of tests failing -> 0
