
N_estimators -inf 11
N_estimators 11 30
N_estimators 30 50
N_estimators 50 80
N_estimators 80 inf

criterion absolute_error absolute_error
criterion poisson poisson
criterion squared_error squared_error

Min_sample_leaves -inf 2
Min_sample_leaves 2 3
Min_sample_leaves 3 5
Min_sample_leaves 5 8
Min_sample_leaves 8 10
Min_sample_leaves 10 13
Min_sample_leaves 13 15
Min_sample_leaves 15 17
Min_sample_leaves 17 inf

Min_impurity_decrease -inf 0.5
Min_impurity_decrease 0.5 1.75
Min_impurity_decrease 1.75 3
Min_impurity_decrease 3 4.25
Min_impurity_decrease 4.25 5.5
Min_impurity_decrease 5.5 6.75
Min_impurity_decrease 6.75 inf

Max_depth -inf 15
Max_depth 15 17
Max_depth 17 inf
{'criterion': ['absolute_error']}
{'criterion': ['absolute_error'], 'Max_depth': [[17, inf]]}
{'criterion': ['absolute_error'], 'Max_depth': [[17, inf]], 'N_estimators': [[11, 30]]}
{'criterion': ['absolute_error'], 'Max_depth': [[15, inf]], 'N_estimators': [[11, 30]]}
{'criterion': ['absolute_error'], 'Max_depth': [[15, inf]], 'N_estimators': [[11, 30]], 'Min_sample_leaves': [[5, 8]]}
{'criterion': ['absolute_error'], 'Max_depth': [[15, inf]], 'N_estimators': [[-inf, 30]], 'Min_sample_leaves': [[5, 8]]}
{'criterion': ['absolute_error'], 'Max_depth': [[15, inf]], 'N_estimators': [[-inf, 30]], 'Min_sample_leaves': [[5, 8]], 'Min_impurity_decrease': [[0.5, 1.75]]}
{'criterion': ['absolute_error'], 'Max_depth': [[15, inf]], 'N_estimators': [[-inf, 30]], 'Min_sample_leaves': [[5, 8], [10, 13]], 'Min_impurity_decrease': [[0.5, 1.75]]}
{'criterion': ['absolute_error'], 'Max_depth': [[15, inf]], 'N_estimators': [[-inf, 50]], 'Min_sample_leaves': [[5, 8], [10, 13]], 'Min_impurity_decrease': [[0.5, 1.75]]}
{'criterion': ['absolute_error'], 'Max_depth': [[15, inf]], 'N_estimators': [[-inf, 50]], 'Min_sample_leaves': [[5, 8], [10, 13]], 'Min_impurity_decrease': [[-inf, 1.75]]}
{'criterion': ['absolute_error'], 'Max_depth': [[15, inf]], 'N_estimators': [[-inf, 50]], 'Min_sample_leaves': [[5, 8], [10, 13]], 'Min_impurity_decrease': [[-inf, 1.75], [3, 4.25]]}
{'criterion': ['absolute_error'], 'Max_depth': [[15, inf]], 'N_estimators': [[-inf, 50]], 'Min_sample_leaves': [[5, 13]], 'Min_impurity_decrease': [[-inf, 1.75], [3, 4.25]]}
{'criterion': ['absolute_error'], 'Max_depth': [[15, inf]], 'N_estimators': [[-inf, 50]], 'Min_sample_leaves': [[5, 13]], 'Min_impurity_decrease': [[-inf, 4.25]]}
{'criterion': ['absolute_error'], 'Max_depth': [[15, inf]], 'N_estimators': [[-inf, 50]], 'Min_sample_leaves': [[3, 13]], 'Min_impurity_decrease': [[-inf, 4.25]]}
{'criterion': ['absolute_error'], 'Max_depth': [[15, inf]], 'N_estimators': [[-inf, 50]], 'Min_sample_leaves': [[3, 13]], 'Min_impurity_decrease': [[-inf, 5.5]]}

-----------
explain= {'criterion': ['absolute_error'], 'Max_depth': [[17, inf]]}
all                {'MRE-': 119.5, 'ACC+': -12.32, 'PRED40+': 0.0, 'N': 10000} {'MRE-': 47.06, 'ACC+': 5.03, 'PRED40+': 32.3, 'N': 10000}
sway1 with 8 evals {'MRE-': 0.0, 'ACC+': 0.0, 'PRED40+': 83.33, 'N': 78} {'MRE-': 39.41, 'ACC+': 0.62, 'PRED40+': 32.3, 'N': 78}
xpln1 on 8 evals {'MRE-': 0.0, 'ACC+': 0.0, 'PRED40+': 83.33, 'N': 657} {'MRE-': 39.24, 'ACC+': 0.47, 'PRED40+': 32.3, 'N': 657}
top with 10000 evals {'MRE-': 0.0, 'ACC+': 0.0, 'PRED40+': 83.33, 'N': 78} {'MRE-': 0.0, 'ACC+': 0.0, 'PRED40+': 0.0, 'N': 78}
------------------
------------------
HPs
------------------
bins :  4
better :  zitler
Far :  0.65
min_size :  0.5
Max :  100
dist :  1.0
rest :  2.0
------------------
------------------

sway with 8 evals {'MRE-': 0.0, 'ACC+': 0.0, 'PRED40+': 83.33, 'N': 3302} {'MRE-': 39.34, 'ACC+': 0.57, 'PRED40+': 32.3, 'N': 3302}
------------------
explain= {'criterion': ['absolute_error']}
HPs
------------------
bins :  4
better :  zitler
Far :  0.65
min_size :  0.5
Max :  100
dist :  1.0
rest :  2.0
------------------
------------------
xpln1 on 8 evals {'MRE-': 0.0, 'ACC+': 0.0, 'PRED40+': 83.33, 'N': 3302} {'MRE-': 39.34, 'ACC+': 0.57, 'PRED40+': 32.3, 'N': 3302}
------------------
Stats
------------------
all                {'MRE-': 119.5, 'ACC+': -12.32, 'PRED40+': 0.0, 'N': 10000} {'MRE-': 47.06, 'ACC+': 5.03, 'PRED40+': 32.3, 'N': 10000}
sway1 with 8 evals {'MRE-': 100.53, 'ACC+': -0.49, 'PRED40+': 0.0, 'N': 78} {'MRE-': 39.19, 'ACC+': 0.42, 'PRED40+': 32.3, 'N': 78}
xpln1 on 8 evals {'MRE-': 0.0, 'ACC+': 0.0, 'PRED40+': 83.33, 'N': 3302} {'MRE-': 39.24, 'ACC+': 0.47, 'PRED40+': 32.3, 'N': 3302}
top with 10000 evals {'MRE-': 0.0, 'ACC+': 0.0, 'PRED40+': 83.33, 'N': 78} {'MRE-': 0.0, 'ACC+': 0.0, 'PRED40+': 0.0, 'N': 78}
sway2 with 8 evals {'MRE-': 0.0, 'ACC+': 0.0, 'PRED40+': 83.33, 'N': 3302} {'MRE-': 39.34, 'ACC+': 0.57, 'PRED40+': 32.3, 'N': 3302}
xpln2 on 8 evals {'MRE-': 0.0, 'ACC+': 0.0, 'PRED40+': 83.33, 'N': 3302} {'MRE-': 39.34, 'ACC+': 0.57, 'PRED40+': 32.3, 'N': 3302}
------------------
Using Cliffs Delta
------------------
All to All   {'MRE-': True, 'ACC+': True, 'PRED40+': True}
All to Sway1   {'MRE-': False, 'ACC+': False, 'PRED40+': True}
All to Sway2   {'MRE-': False, 'ACC+': False, 'PRED40+': False}
Sway1 to Sway2   {'MRE-': False, 'ACC+': False, 'PRED40+': False}
Sway1 to Xpln1   {'MRE-': False, 'ACC+': False, 'PRED40+': False}
Sway2 to Xpln2   {'MRE-': True, 'ACC+': True, 'PRED40+': True}
Sway1 to Top   {'MRE-': False, 'ACC+': False, 'PRED40+': False}
Sway2 to Top   {'MRE-': False, 'ACC+': False, 'PRED40+': False}
------------------
Using Bootstrap
------------------
All to All   {'MRE-': True, 'ACC+': True, 'PRED40+': True}
All to Sway1   {'MRE-': False, 'ACC+': False, 'PRED40+': False}
All to Sway2   {'MRE-': False, 'ACC+': False, 'PRED40+': False}
Sway1 to Sway2   {'MRE-': False, 'ACC+': True, 'PRED40+': False}
Sway1 to Xpln1   {'MRE-': False, 'ACC+': True, 'PRED40+': False}
Sway2 to Xpln2   {'MRE-': True, 'ACC+': True, 'PRED40+': True}
Sway1 to Top   {'MRE-': False, 'ACC+': False, 'PRED40+': False}
Sway2 to Top   {'MRE-': False, 'ACC+': False, 'PRED40+': False}
✅ pass:	 hpo
#W ?k <class 'str'>
#W ?v <class 'dict'>
#W ?settings <class 'function'>
#W ?cli <class 'function'>
#W ?make_attempt <class 'function'>
#W ?main <class 'function'>
#W ?Seed <class 'int'>
✅ Number of tests passing -> 1
❌ Number of tests failing -> 0
