
maker Acura Acura
maker Buick Buick
maker Chevrolet Chevrolet
maker Chrysler Chrysler
maker Dodge Dodge
maker Eagle Eagle
maker Ford Ford
maker Geo Geo
maker Honda Honda
maker Lincoln Lincoln
maker Mazda Mazda
maker Mercedes-Benz Mercedes-Benz
maker Oldsmobile Oldsmobile
maker Plymouth Plymouth
maker Pontiac Pontiac
maker Saab Saab
maker Subaru Subaru
maker Suzuki Suzuki
maker Toyota Toyota
maker Volkswagen Volkswagen

type Compact Compact
type Large Large
type Midsize Midsize
type Small Small
type Sporty Sporty
type Van Van

Air_Bags_standard -inf 1
Air_Bags_standard 1 2
Air_Bags_standard 2 inf

Drive_train_type -inf 1
Drive_train_type 1 2
Drive_train_type 2 inf

Number_of_cylinders -inf 4
Number_of_cylinders 4 5
Number_of_cylinders 5 inf

Engine_size -inf 2
Engine_size 2 1.3
Engine_size 1.3 1.6
Engine_size 1.6 2
Engine_size 2 inf

Horsepower -inf 73
Horsepower 73 82
Horsepower 82 105
Horsepower 105 inf

RPM -inf 5100
RPM 5100 5300
RPM 5300 5400
RPM 5400 5600
RPM 5600 5800
RPM 5800 6000
RPM 6000 inf

Engine_revolutions_per_mile -inf 2665
Engine_revolutions_per_mile 2665 2910
Engine_revolutions_per_mile 2910 3285
Engine_revolutions_per_mile 3285 inf

manual_transmission_available 0 0
manual_transmission_available 1 1

Fuel_tank_capacity -inf 11.6
Fuel_tank_capacity 11.6 12.4
Fuel_tank_capacity 12.4 15.5
Fuel_tank_capacity 15.5 16
Fuel_tank_capacity 16 inf

Passenger_capacity -inf 3
Passenger_capacity 3 4
Passenger_capacity 4 5
Passenger_capacity 5 inf

Length -inf 152
Length 152 163
Length 163 174
Length 174 178
Length 178 inf

Wheelbase -inf 91
Wheelbase 91 93
Wheelbase 93 94
Wheelbase 94 97
Wheelbase 97 inf

Width -inf 61
Width 61 63
Width 63 65
Width 65 inf

U-turn_space -inf 33
U-turn_space 33 34
U-turn_space 34 35
U-turn_space 35 36
U-turn_space 36 inf

Rear_seat_room -inf 24
Rear_seat_room 24 25
Rear_seat_room 25 26.5
Rear_seat_room 26.5 27.5
Rear_seat_room 27.5 inf

Luggage_capacity -inf 9
Luggage_capacity 9 10
Luggage_capacity 10 11
Luggage_capacity 11 15
Luggage_capacity 15 16
Luggage_capacity 16 inf

domestic 0 0
domestic 1 1
{'type': ['Small']}
{'type': ['Small'], 'Engine_revolutions_per_mile': [[3285, inf]]}
{'type': ['Small'], 'Engine_revolutions_per_mile': [[3285, inf]], 'domestic': [0]}
{'type': ['Small'], 'Engine_revolutions_per_mile': [[3285, inf]], 'domestic': [0], 'manual_transmission_available': [1]}
{'type': ['Small'], 'Engine_revolutions_per_mile': [[3285, inf]], 'domestic': [0], 'manual_transmission_available': [1], 'Number_of_cylinders': [[-inf, 4]]}
{'type': ['Small'], 'Engine_revolutions_per_mile': [[3285, inf]], 'domestic': [0], 'manual_transmission_available': [1], 'Number_of_cylinders': [[-inf, 4]], 'Horsepower': [[-inf, 73]]}
{'type': ['Small'], 'Engine_revolutions_per_mile': [[3285, inf]], 'domestic': [0], 'manual_transmission_available': [1], 'Number_of_cylinders': [[-inf, 4]], 'Horsepower': [[-inf, 73]], 'Fuel_tank_capacity': [[-inf, 11.6]]}
{'type': ['Small'], 'Engine_revolutions_per_mile': [[3285, inf]], 'domestic': [0], 'manual_transmission_available': [1], 'Number_of_cylinders': [[-inf, 4]], 'Horsepower': [[-inf, 73]], 'Fuel_tank_capacity': [[-inf, 11.6]], 'Luggage_capacity': [[9, 10]]}
{'type': ['Small'], 'Engine_revolutions_per_mile': [[3285, inf]], 'domestic': [0], 'manual_transmission_available': [1], 'Number_of_cylinders': [[-inf, 4]], 'Horsepower': [[-inf, 73]], 'Fuel_tank_capacity': [[-inf, 11.6]], 'Luggage_capacity': [[9, 10]], 'Air_Bags_standard': [[-inf, 1]]}
{'type': ['Small'], 'Engine_revolutions_per_mile': [[3285, inf]], 'domestic': [0], 'manual_transmission_available': [1], 'Number_of_cylinders': [[-inf, 4]], 'Horsepower': [[-inf, 73]], 'Fuel_tank_capacity': [[-inf, 11.6]], 'Luggage_capacity': [[9, 10]], 'Air_Bags_standard': [[-inf, 1]], 'Rear_seat_room': [[26.5, 27.5]]}
{'type': ['Small'], 'Engine_revolutions_per_mile': [[3285, inf]], 'domestic': [0], 'manual_transmission_available': [1], 'Number_of_cylinders': [[-inf, 4]], 'Horsepower': [[-inf, 73]], 'Fuel_tank_capacity': [[-inf, 11.6]], 'Luggage_capacity': [[9, 10]], 'Air_Bags_standard': [[-inf, 1]], 'Rear_seat_room': [[26.5, 27.5]], 'Passenger_capacity': [[3, 4]]}
{'type': ['Small'], 'Engine_revolutions_per_mile': [[3285, inf]], 'domestic': [0], 'manual_transmission_available': [1], 'Number_of_cylinders': [[-inf, 4]], 'Horsepower': [[-inf, 73]], 'Fuel_tank_capacity': [[-inf, 11.6]], 'Luggage_capacity': [[9, 10]], 'Air_Bags_standard': [[-inf, 1]], 'Rear_seat_room': [[26.5, 27.5]], 'Passenger_capacity': [[3, 4]], 'maker': ['Subaru']}
{'type': ['Small'], 'Engine_revolutions_per_mile': [[3285, inf]], 'domestic': [0], 'manual_transmission_available': [1], 'Number_of_cylinders': [[-inf, 4]], 'Horsepower': [[-inf, 73]], 'Fuel_tank_capacity': [[-inf, 11.6]], 'Luggage_capacity': [[9, 10]], 'Air_Bags_standard': [[-inf, 1]], 'Rear_seat_room': [[26.5, 27.5]], 'Passenger_capacity': [[3, 4]], 'maker': ['Subaru'], 'Length': [[-inf, 152]]}
{'type': ['Small'], 'Engine_revolutions_per_mile': [[3285, inf]], 'domestic': [0], 'manual_transmission_available': [1], 'Number_of_cylinders': [[-inf, 4]], 'Horsepower': [[-inf, 73]], 'Fuel_tank_capacity': [[-inf, 11.6]], 'Luggage_capacity': [[9, 10]], 'Air_Bags_standard': [[-inf, 1]], 'Rear_seat_room': [[26.5, 27.5]], 'Passenger_capacity': [[3, 4]], 'maker': ['Subaru'], 'Length': [[-inf, 152]], 'Width': [[63, 65]]}
{'type': ['Small'], 'Engine_revolutions_per_mile': [[3285, inf]], 'domestic': [0], 'manual_transmission_available': [1], 'Number_of_cylinders': [[-inf, 4]], 'Horsepower': [[-inf, 73]], 'Fuel_tank_capacity': [[-inf, 11.6]], 'Luggage_capacity': [[9, 10]], 'Air_Bags_standard': [[-inf, 1]], 'Rear_seat_room': [[26.5, 27.5]], 'Passenger_capacity': [[3, 4]], 'maker': ['Subaru'], 'Length': [[-inf, 163]], 'Width': [[63, 65]]}
{'type': ['Small'], 'Engine_revolutions_per_mile': [[3285, inf]], 'domestic': [0], 'manual_transmission_available': [1], 'Number_of_cylinders': [[-inf, 4]], 'Horsepower': [[-inf, 73]], 'Fuel_tank_capacity': [[-inf, 11.6]], 'Luggage_capacity': [[9, 10]], 'Air_Bags_standard': [[-inf, 1]], 'Rear_seat_room': [[26.5, 27.5]], 'Passenger_capacity': [[3, 4]], 'maker': ['Subaru'], 'Length': [[-inf, 163]], 'Width': [[63, 65]], 'Wheelbase': [[91, 93]]}
{'type': ['Small'], 'Engine_revolutions_per_mile': [[3285, inf]], 'domestic': [0], 'manual_transmission_available': [1], 'Number_of_cylinders': [[-inf, 4]], 'Horsepower': [[-inf, 73]], 'Fuel_tank_capacity': [[-inf, 11.6]], 'Luggage_capacity': [[9, 10]], 'Air_Bags_standard': [[-inf, 1]], 'Rear_seat_room': [[26.5, 27.5]], 'Passenger_capacity': [[3, 4]], 'maker': ['Subaru'], 'Length': [[-inf, 163]], 'Width': [[61, 65]], 'Wheelbase': [[91, 93]]}
{'type': ['Small'], 'Engine_revolutions_per_mile': [[3285, inf]], 'domestic': [0], 'manual_transmission_available': [1], 'Number_of_cylinders': [[-inf, 4]], 'Horsepower': [[-inf, 73]], 'Fuel_tank_capacity': [[-inf, 11.6]], 'Luggage_capacity': [[9, 10]], 'Air_Bags_standard': [[-inf, 1]], 'Rear_seat_room': [[26.5, 27.5]], 'Passenger_capacity': [[3, 4]], 'maker': ['Subaru'], 'Length': [[-inf, 163]], 'Width': [[61, 65]], 'Wheelbase': [[91, 93]], 'Drive_train_type': [[2, inf]]}
{'type': ['Small'], 'Engine_revolutions_per_mile': [[3285, inf]], 'domestic': [0], 'manual_transmission_available': [1], 'Number_of_cylinders': [[-inf, 4]], 'Horsepower': [[-inf, 73]], 'Fuel_tank_capacity': [[-inf, 11.6]], 'Luggage_capacity': [[9, 10]], 'Air_Bags_standard': [[-inf, 1]], 'Rear_seat_room': [[26.5, 27.5]], 'Passenger_capacity': [[3, 4]], 'maker': ['Subaru'], 'Length': [[-inf, 163]], 'Width': [[61, 65]], 'Wheelbase': [[91, 93]], 'Drive_train_type': [[2, inf]], 'Engine_size': [[2, 1.3]]}
{'type': ['Small'], 'Engine_revolutions_per_mile': [[3285, inf]], 'domestic': [0], 'manual_transmission_available': [1], 'Number_of_cylinders': [[-inf, 4]], 'Horsepower': [[-inf, 73]], 'Fuel_tank_capacity': [[-inf, 11.6]], 'Luggage_capacity': [[9, 10]], 'Air_Bags_standard': [[-inf, 1]], 'Rear_seat_room': [[24, 25], [26.5, 27.5]], 'Passenger_capacity': [[3, 4]], 'maker': ['Subaru'], 'Length': [[-inf, 163]], 'Width': [[61, 65]], 'Wheelbase': [[91, 93]], 'Drive_train_type': [[2, inf]], 'Engine_size': [[2, 1.3]]}
{'type': ['Small'], 'Engine_revolutions_per_mile': [[3285, inf]], 'domestic': [0], 'manual_transmission_available': [1], 'Number_of_cylinders': [[-inf, 4]], 'Horsepower': [[-inf, 73]], 'Fuel_tank_capacity': [[-inf, 11.6]], 'Luggage_capacity': [[9, 10]], 'Air_Bags_standard': [[-inf, 1]], 'Rear_seat_room': [[24, 25], [26.5, 27.5]], 'Passenger_capacity': [[3, 4]], 'maker': ['Subaru'], 'Length': [[-inf, 163]], 'Width': [[61, 65]], 'Wheelbase': [[91, 93]], 'Drive_train_type': [[2, inf]], 'Engine_size': [[2, 1.3]], 'U-turn_space': [[33, 34]]}
{'type': ['Small'], 'Engine_revolutions_per_mile': [[3285, inf]], 'domestic': [0], 'manual_transmission_available': [1], 'Number_of_cylinders': [[-inf, 4]], 'Horsepower': [[-inf, 73]], 'Fuel_tank_capacity': [[-inf, 11.6]], 'Luggage_capacity': [[9, 10]], 'Air_Bags_standard': [[-inf, 1]], 'Rear_seat_room': [[24, 25], [26.5, 27.5]], 'Passenger_capacity': [[3, 4]], 'maker': ['Subaru'], 'Length': [[-inf, 163]], 'Width': [[61, 65]], 'Wheelbase': [[91, 93]], 'Drive_train_type': [[2, inf]], 'Engine_size': [[2, 1.3]], 'U-turn_space': [[33, 34]], 'RPM': [[5100, 5300]]}
{'type': ['Small'], 'Engine_revolutions_per_mile': [[3285, inf]], 'domestic': [0], 'manual_transmission_available': [1], 'Number_of_cylinders': [[-inf, 4]], 'Horsepower': [[-inf, 73]], 'Fuel_tank_capacity': [[-inf, 11.6]], 'Luggage_capacity': [[9, 10]], 'Air_Bags_standard': [[-inf, 1]], 'Rear_seat_room': [[24, 25], [26.5, 27.5]], 'Passenger_capacity': [[3, 4]], 'maker': ['Subaru'], 'Length': [[-inf, 163]], 'Width': [[61, 65]], 'Wheelbase': [[91, 93]], 'Drive_train_type': [[1, inf]], 'Engine_size': [[2, 1.3]], 'U-turn_space': [[33, 34]], 'RPM': [[5100, 5300]]}
{'type': ['Small'], 'Engine_revolutions_per_mile': [[3285, inf]], 'domestic': [0], 'manual_transmission_available': [1], 'Number_of_cylinders': [[-inf, 4]], 'Horsepower': [[-inf, 73]], 'Fuel_tank_capacity': [[-inf, 11.6]], 'Luggage_capacity': [[9, 10]], 'Air_Bags_standard': [[-inf, 1]], 'Rear_seat_room': [[24, 25], [26.5, 27.5]], 'Passenger_capacity': [[3, 5]], 'maker': ['Subaru'], 'Length': [[-inf, 163]], 'Width': [[61, 65]], 'Wheelbase': [[91, 93]], 'Drive_train_type': [[1, inf]], 'Engine_size': [[2, 1.3]], 'U-turn_space': [[33, 34]], 'RPM': [[5100, 5300]]}
{'type': ['Small'], 'Engine_revolutions_per_mile': [[3285, inf]], 'domestic': [0], 'manual_transmission_available': [1], 'Number_of_cylinders': [[-inf, 4]], 'Horsepower': [[-inf, 73]], 'Fuel_tank_capacity': [[-inf, 11.6]], 'Luggage_capacity': [[9, 10]], 'Air_Bags_standard': [[-inf, 1]], 'Rear_seat_room': [[24, 25], [26.5, 27.5]], 'Passenger_capacity': [[3, 5]], 'maker': ['Geo', 'Subaru'], 'Length': [[-inf, 163]], 'Width': [[61, 65]], 'Wheelbase': [[91, 93]], 'Drive_train_type': [[1, inf]], 'Engine_size': [[2, 1.3]], 'U-turn_space': [[33, 34]], 'RPM': [[5100, 5300]]}
{'type': ['Small'], 'Engine_revolutions_per_mile': [[3285, inf]], 'domestic': [0], 'manual_transmission_available': [1], 'Number_of_cylinders': [[-inf, 4]], 'Horsepower': [[-inf, 73]], 'Fuel_tank_capacity': [[-inf, 11.6]], 'Luggage_capacity': [[9, 10]], 'Air_Bags_standard': [[-inf, 1]], 'Rear_seat_room': [[24, 25], [26.5, 27.5]], 'Passenger_capacity': [[3, 5]], 'maker': ['Geo', 'Subaru', 'Suzuki'], 'Length': [[-inf, 163]], 'Width': [[61, 65]], 'Wheelbase': [[91, 93]], 'Drive_train_type': [[1, inf]], 'Engine_size': [[2, 1.3]], 'U-turn_space': [[33, 34]], 'RPM': [[5100, 5300]]}
{'type': ['Small'], 'Engine_revolutions_per_mile': [[3285, inf]], 'domestic': [0], 'manual_transmission_available': [1], 'Number_of_cylinders': [[-inf, 4]], 'Horsepower': [[-inf, 73]], 'Fuel_tank_capacity': [[-inf, 11.6]], 'Luggage_capacity': [[9, 10]], 'Air_Bags_standard': [[-inf, 1]], 'Rear_seat_room': [[24, 25], [26.5, 27.5]], 'Passenger_capacity': [[3, 5]], 'maker': ['Geo', 'Subaru', 'Suzuki'], 'Length': [[-inf, 163]], 'Width': [[61, 65]], 'Wheelbase': [[91, 93]], 'Drive_train_type': [[1, inf]], 'Engine_size': [[-inf, 1.3]], 'U-turn_space': [[33, 34]], 'RPM': [[5100, 5300]]}
{'type': ['Small'], 'Engine_revolutions_per_mile': [[3285, inf]], 'domestic': [0], 'manual_transmission_available': [1], 'Number_of_cylinders': [[-inf, 4]], 'Horsepower': [[-inf, 73]], 'Fuel_tank_capacity': [[-inf, 11.6]], 'Luggage_capacity': [[9, 10]], 'Air_Bags_standard': [[-inf, 1]], 'Rear_seat_room': [[24, 25], [26.5, 27.5]], 'Passenger_capacity': [[3, 5]], 'maker': ['Geo', 'Subaru', 'Suzuki'], 'Length': [[-inf, 163]], 'Width': [[61, 65]], 'Wheelbase': [[-inf, 93]], 'Drive_train_type': [[1, inf]], 'Engine_size': [[-inf, 1.3]], 'U-turn_space': [[33, 34]], 'RPM': [[5100, 5300]]}
{'type': ['Small'], 'Engine_revolutions_per_mile': [[3285, inf]], 'domestic': [0], 'manual_transmission_available': [1], 'Number_of_cylinders': [[-inf, 4]], 'Horsepower': [[-inf, 73]], 'Fuel_tank_capacity': [[-inf, 11.6]], 'Luggage_capacity': [[9, 10]], 'Air_Bags_standard': [[-inf, 1]], 'Rear_seat_room': [[24, 25], [26.5, 27.5]], 'Passenger_capacity': [[3, 5]], 'maker': ['Geo', 'Subaru', 'Suzuki'], 'Length': [[-inf, 163]], 'Width': [[61, 65]], 'Wheelbase': [[-inf, 94]], 'Drive_train_type': [[1, inf]], 'Engine_size': [[-inf, 1.3]], 'U-turn_space': [[33, 34]], 'RPM': [[5100, 5300]]}
{'type': ['Small'], 'Engine_revolutions_per_mile': [[3285, inf]], 'domestic': [0], 'manual_transmission_available': [1], 'Number_of_cylinders': [[-inf, 4]], 'Horsepower': [[-inf, 73]], 'Fuel_tank_capacity': [[-inf, 11.6]], 'Luggage_capacity': [[9, 10]], 'Air_Bags_standard': [[-inf, 1]], 'Rear_seat_room': [[24, 25], [26.5, 27.5]], 'Passenger_capacity': [[3, 5]], 'maker': ['Geo', 'Subaru', 'Suzuki'], 'Length': [[-inf, 163]], 'Width': [[-inf, 65]], 'Wheelbase': [[-inf, 94]], 'Drive_train_type': [[1, inf]], 'Engine_size': [[-inf, 1.3]], 'U-turn_space': [[33, 34]], 'RPM': [[5100, 5300]]}
{'type': ['Small'], 'Engine_revolutions_per_mile': [[3285, inf]], 'domestic': [0], 'manual_transmission_available': [1], 'Number_of_cylinders': [[-inf, 4]], 'Horsepower': [[-inf, 73]], 'Fuel_tank_capacity': [[-inf, 11.6]], 'Luggage_capacity': [[9, 10]], 'Air_Bags_standard': [[-inf, 1]], 'Rear_seat_room': [[24, 25], [26.5, 27.5]], 'Passenger_capacity': [[3, 5]], 'maker': ['Geo', 'Subaru', 'Suzuki'], 'Length': [[-inf, 163]], 'Width': [[-inf, 65]], 'Wheelbase': [[-inf, 94]], 'Drive_train_type': [[1, inf]], 'Engine_size': [[-inf, 1.3]], 'U-turn_space': [[33, 35]], 'RPM': [[5100, 5300]]}
{'type': ['Small'], 'Engine_revolutions_per_mile': [[3285, inf]], 'domestic': [0], 'manual_transmission_available': [1], 'Number_of_cylinders': [[-inf, 4]], 'Horsepower': [[-inf, 73]], 'Fuel_tank_capacity': [[-inf, 11.6]], 'Luggage_capacity': [[9, 10]], 'Air_Bags_standard': [[-inf, 1]], 'Rear_seat_room': [[24, 25], [26.5, 27.5]], 'Passenger_capacity': [[3, 5]], 'maker': ['Geo', 'Subaru', 'Suzuki', 'Toyota'], 'Length': [[-inf, 163]], 'Width': [[-inf, 65]], 'Wheelbase': [[-inf, 94]], 'Drive_train_type': [[1, inf]], 'Engine_size': [[-inf, 1.3]], 'U-turn_space': [[33, 35]], 'RPM': [[5100, 5300]]}
{'type': ['Small'], 'Engine_revolutions_per_mile': [[3285, inf]], 'domestic': [0], 'manual_transmission_available': [1], 'Number_of_cylinders': [[-inf, 4]], 'Horsepower': [[-inf, 73]], 'Fuel_tank_capacity': [[-inf, 11.6]], 'Luggage_capacity': [[9, 10]], 'Air_Bags_standard': [[-inf, 1]], 'Rear_seat_room': [[24, 25], [26.5, 27.5]], 'Passenger_capacity': [[3, 5]], 'maker': ['Geo', 'Subaru', 'Suzuki', 'Toyota'], 'Length': [[-inf, 163]], 'Width': [[-inf, 65]], 'Wheelbase': [[-inf, 94]], 'Drive_train_type': [[1, inf]], 'Engine_size': [[-inf, 1.3]], 'U-turn_space': [[33, 35]], 'RPM': [[5100, 5300], [5600, 5800]]}
{'type': ['Small'], 'Engine_revolutions_per_mile': [[3285, inf]], 'domestic': [0], 'manual_transmission_available': [1], 'Number_of_cylinders': [[-inf, 4]], 'Horsepower': [[-inf, 73]], 'Fuel_tank_capacity': [[-inf, 11.6]], 'Luggage_capacity': [[9, 10]], 'Air_Bags_standard': [[-inf, 1]], 'Rear_seat_room': [[24, 25], [26.5, 27.5]], 'Passenger_capacity': [[3, 5]], 'maker': ['Geo', 'Subaru', 'Suzuki', 'Toyota'], 'Length': [[-inf, 163]], 'Width': [[-inf, 65]], 'Wheelbase': [[-inf, 94]], 'Drive_train_type': [[1, inf]], 'Engine_size': [[-inf, 1.3]], 'U-turn_space': [[33, 36]], 'RPM': [[5100, 5300], [5600, 5800]]}
{'type': ['Small'], 'Engine_revolutions_per_mile': [[3285, inf]], 'domestic': [0], 'manual_transmission_available': [1], 'Number_of_cylinders': [[-inf, 5]], 'Horsepower': [[-inf, 73]], 'Fuel_tank_capacity': [[-inf, 11.6]], 'Luggage_capacity': [[9, 10]], 'Air_Bags_standard': [[-inf, 1]], 'Rear_seat_room': [[24, 25], [26.5, 27.5]], 'Passenger_capacity': [[3, 5]], 'maker': ['Geo', 'Subaru', 'Suzuki', 'Toyota'], 'Length': [[-inf, 163]], 'Width': [[-inf, 65]], 'Wheelbase': [[-inf, 94]], 'Drive_train_type': [[1, inf]], 'Engine_size': [[-inf, 1.3]], 'U-turn_space': [[33, 36]], 'RPM': [[5100, 5300], [5600, 5800]]}
{'type': ['Small'], 'Engine_revolutions_per_mile': [[3285, inf]], 'domestic': [0], 'manual_transmission_available': [1], 'Number_of_cylinders': [[-inf, 5]], 'Horsepower': [[-inf, 82]], 'Fuel_tank_capacity': [[-inf, 11.6]], 'Luggage_capacity': [[9, 10]], 'Air_Bags_standard': [[-inf, 1]], 'Rear_seat_room': [[24, 25], [26.5, 27.5]], 'Passenger_capacity': [[3, 5]], 'maker': ['Geo', 'Subaru', 'Suzuki', 'Toyota'], 'Length': [[-inf, 163]], 'Width': [[-inf, 65]], 'Wheelbase': [[-inf, 94]], 'Drive_train_type': [[1, inf]], 'Engine_size': [[-inf, 1.3]], 'U-turn_space': [[33, 36]], 'RPM': [[5100, 5300], [5600, 5800]]}
{'type': ['Small'], 'Engine_revolutions_per_mile': [[3285, inf]], 'domestic': [0], 'manual_transmission_available': [1], 'Number_of_cylinders': [[-inf, 5]], 'Horsepower': [[-inf, 82]], 'Fuel_tank_capacity': [[-inf, 11.6]], 'Luggage_capacity': [[9, 10]], 'Air_Bags_standard': [[-inf, 1]], 'Rear_seat_room': [[24, 25], [26.5, 27.5]], 'Passenger_capacity': [[3, 5]], 'maker': ['Geo', 'Subaru', 'Suzuki', 'Toyota'], 'Length': [[-inf, 163]], 'Width': [[-inf, 65]], 'Wheelbase': [[-inf, 94]], 'Drive_train_type': [[1, inf]], 'Engine_size': [[-inf, 1.3]], 'U-turn_space': [[33, 36]], 'RPM': [[5100, 5300], [5400, 5800]]}
{'type': ['Small'], 'Engine_revolutions_per_mile': [[3285, inf]], 'domestic': [0], 'manual_transmission_available': [1], 'Number_of_cylinders': [[-inf, 5]], 'Horsepower': [[-inf, 82]], 'Fuel_tank_capacity': [[-inf, 12.4]], 'Luggage_capacity': [[9, 10]], 'Air_Bags_standard': [[-inf, 1]], 'Rear_seat_room': [[24, 25], [26.5, 27.5]], 'Passenger_capacity': [[3, 5]], 'maker': ['Geo', 'Subaru', 'Suzuki', 'Toyota'], 'Length': [[-inf, 163]], 'Width': [[-inf, 65]], 'Wheelbase': [[-inf, 94]], 'Drive_train_type': [[1, inf]], 'Engine_size': [[-inf, 1.3]], 'U-turn_space': [[33, 36]], 'RPM': [[5100, 5300], [5400, 5800]]}
{'type': ['Small'], 'Engine_revolutions_per_mile': [[3285, inf]], 'domestic': [0], 'manual_transmission_available': [1], 'Number_of_cylinders': [[-inf, 5]], 'Horsepower': [[-inf, 82]], 'Fuel_tank_capacity': [[-inf, 12.4]], 'Luggage_capacity': [[9, 10]], 'Air_Bags_standard': [[-inf, 1]], 'Rear_seat_room': [[24, 25], [26.5, 27.5]], 'Passenger_capacity': [[3, 5]], 'maker': ['Geo', 'Subaru', 'Suzuki', 'Toyota'], 'Length': [[-inf, 163]], 'Width': [[-inf, 65]], 'Wheelbase': [[-inf, 94]], 'Drive_train_type': [[1, inf]], 'Engine_size': [[-inf, 1.3]], 'U-turn_space': [[-inf, 36]], 'RPM': [[5100, 5300], [5400, 5800]]}
{'type': ['Small'], 'Engine_revolutions_per_mile': [[3285, inf]], 'domestic': [0], 'manual_transmission_available': [1], 'Number_of_cylinders': [[-inf, 5]], 'Horsepower': [[-inf, 82]], 'Fuel_tank_capacity': [[-inf, 12.4]], 'Luggage_capacity': [[9, 10], [15, 16]], 'Air_Bags_standard': [[-inf, 1]], 'Rear_seat_room': [[24, 25], [26.5, 27.5]], 'Passenger_capacity': [[3, 5]], 'maker': ['Geo', 'Subaru', 'Suzuki', 'Toyota'], 'Length': [[-inf, 163]], 'Width': [[-inf, 65]], 'Wheelbase': [[-inf, 94]], 'Drive_train_type': [[1, inf]], 'Engine_size': [[-inf, 1.3]], 'U-turn_space': [[-inf, 36]], 'RPM': [[5100, 5300], [5400, 5800]]}
{'type': ['Small'], 'Engine_revolutions_per_mile': [[2665, 2910], [3285, inf]], 'domestic': [0], 'manual_transmission_available': [1], 'Number_of_cylinders': [[-inf, 5]], 'Horsepower': [[-inf, 82]], 'Fuel_tank_capacity': [[-inf, 12.4]], 'Luggage_capacity': [[9, 10], [15, 16]], 'Air_Bags_standard': [[-inf, 1]], 'Rear_seat_room': [[24, 25], [26.5, 27.5]], 'Passenger_capacity': [[3, 5]], 'maker': ['Geo', 'Subaru', 'Suzuki', 'Toyota'], 'Length': [[-inf, 163]], 'Width': [[-inf, 65]], 'Wheelbase': [[-inf, 94]], 'Drive_train_type': [[1, inf]], 'Engine_size': [[-inf, 1.3]], 'U-turn_space': [[-inf, 36]], 'RPM': [[5100, 5300], [5400, 5800]]}
{'type': ['Small'], 'Engine_revolutions_per_mile': [[2665, 2910], [3285, inf]], 'domestic': [0], 'manual_transmission_available': [1], 'Number_of_cylinders': [[-inf, 5]], 'Horsepower': [[-inf, 82]], 'Fuel_tank_capacity': [[-inf, 12.4]], 'Luggage_capacity': [[9, 10], [15, 16]], 'Air_Bags_standard': [[-inf, 1]], 'Rear_seat_room': [[24, 25], [26.5, 27.5]], 'Passenger_capacity': [[3, 5]], 'maker': ['Geo', 'Subaru', 'Suzuki', 'Toyota'], 'Length': [[-inf, 163]], 'Width': [[-inf, 65]], 'Wheelbase': [[-inf, 94]], 'Drive_train_type': [[1, inf]], 'Engine_size': [[-inf, 2], [1.3, 1.6], [2, 1.3]], 'U-turn_space': [[-inf, 36]], 'RPM': [[5100, 5300], [5400, 5800]]}
{'type': ['Small'], 'Engine_revolutions_per_mile': [[2665, 2910], [3285, inf]], 'domestic': [0], 'manual_transmission_available': [1], 'Number_of_cylinders': [[-inf, 5]], 'Horsepower': [[-inf, 82]], 'Fuel_tank_capacity': [[-inf, 12.4]], 'Luggage_capacity': [[9, 10], [15, 16]], 'Air_Bags_standard': [[-inf, 1]], 'Rear_seat_room': [[24, 25], [26.5, 27.5]], 'Passenger_capacity': [[3, 5]], 'maker': ['Geo', 'Subaru', 'Suzuki', 'Toyota'], 'Length': [[-inf, 163]], 'Width': [[-inf, 65]], 'Wheelbase': [[-inf, 97]], 'Drive_train_type': [[1, inf]], 'Engine_size': [[-inf, 2], [1.3, 1.6], [2, 1.3]], 'U-turn_space': [[-inf, 36]], 'RPM': [[5100, 5300], [5400, 5800]]}
{'type': ['Small'], 'Engine_revolutions_per_mile': [[2665, 2910], [3285, inf]], 'domestic': [0], 'manual_transmission_available': [1], 'Number_of_cylinders': [[-inf, 5]], 'Horsepower': [[-inf, 82]], 'Fuel_tank_capacity': [[-inf, 12.4]], 'Luggage_capacity': [[9, 11], [15, 16]], 'Air_Bags_standard': [[-inf, 1]], 'Rear_seat_room': [[24, 25], [26.5, 27.5]], 'Passenger_capacity': [[3, 5]], 'maker': ['Geo', 'Subaru', 'Suzuki', 'Toyota'], 'Length': [[-inf, 163]], 'Width': [[-inf, 65]], 'Wheelbase': [[-inf, 97]], 'Drive_train_type': [[1, inf]], 'Engine_size': [[-inf, 2], [1.3, 1.6], [2, 1.3]], 'U-turn_space': [[-inf, 36]], 'RPM': [[5100, 5300], [5400, 5800]]}
{'type': ['Small'], 'Engine_revolutions_per_mile': [[2665, 2910], [3285, inf]], 'domestic': [0], 'manual_transmission_available': [1], 'Number_of_cylinders': [[-inf, 5]], 'Horsepower': [[-inf, 82]], 'Fuel_tank_capacity': [[-inf, 12.4]], 'Luggage_capacity': [[9, 11], [15, 16]], 'Air_Bags_standard': [[-inf, 1]], 'Rear_seat_room': [[24, 25], [26.5, 27.5]], 'Passenger_capacity': [[3, 5]], 'maker': ['Geo', 'Subaru', 'Suzuki', 'Toyota'], 'Length': [[-inf, 163]], 'Width': [[-inf, 65]], 'Wheelbase': [[-inf, 97]], 'Drive_train_type': [[1, inf]], 'Engine_size': [[-inf, 2], 1.3], 'U-turn_space': [[-inf, 36]], 'RPM': [[5100, 5300], [5400, 5800]]}
{'type': ['Small'], 'Engine_revolutions_per_mile': [[2665, 2910], [3285, inf]], 'domestic': [0], 'manual_transmission_available': [1], 'Number_of_cylinders': [[-inf, 5]], 'Horsepower': [[-inf, 82]], 'Fuel_tank_capacity': [[-inf, 12.4]], 'Luggage_capacity': [[9, 11], [15, 16]], 'Air_Bags_standard': [[-inf, 1]], 'Rear_seat_room': [[24, 25], [26.5, 27.5]], 'Passenger_capacity': [[3, 5]], 'maker': ['Geo', 'Subaru', 'Suzuki', 'Toyota'], 'Length': [[-inf, 163]], 'Width': [[-inf, 65]], 'Wheelbase': [[-inf, 97]], 'Drive_train_type': [[1, inf]], 'Engine_size': [[-inf, 2], 1.3], 'U-turn_space': [[-inf, 36]], 'RPM': [[5100, 5300], [5400, 6000]]}
{'type': ['Small'], 'Engine_revolutions_per_mile': [[2665, 2910], [3285, inf]], 'domestic': [0], 'manual_transmission_available': [1], 'Number_of_cylinders': [[-inf, 5]], 'Horsepower': [[-inf, 82]], 'Fuel_tank_capacity': [[-inf, 12.4]], 'Luggage_capacity': [[9, 11], [15, 16]], 'Air_Bags_standard': [[-inf, 1]], 'Rear_seat_room': [[24, 25], [26.5, 27.5]], 'Passenger_capacity': [[3, 5]], 'maker': ['Geo', 'Subaru', 'Suzuki', 'Toyota'], 'Length': [[-inf, 163], [174, 178]], 'Width': [[-inf, 65]], 'Wheelbase': [[-inf, 97]], 'Drive_train_type': [[1, inf]], 'Engine_size': [[-inf, 2], 1.3], 'U-turn_space': [[-inf, 36]], 'RPM': [[5100, 5300], [5400, 6000]]}
{'type': ['Small'], 'Engine_revolutions_per_mile': [[2665, 2910], [3285, inf]], 'domestic': [0], 'manual_transmission_available': [1], 'Number_of_cylinders': [[-inf, 5]], 'Horsepower': [[-inf, 105]], 'Fuel_tank_capacity': [[-inf, 12.4]], 'Luggage_capacity': [[9, 11], [15, 16]], 'Air_Bags_standard': [[-inf, 1]], 'Rear_seat_room': [[24, 25], [26.5, 27.5]], 'Passenger_capacity': [[3, 5]], 'maker': ['Geo', 'Subaru', 'Suzuki', 'Toyota'], 'Length': [[-inf, 163], [174, 178]], 'Width': [[-inf, 65]], 'Wheelbase': [[-inf, 97]], 'Drive_train_type': [[1, inf]], 'Engine_size': [[-inf, 2], 1.3], 'U-turn_space': [[-inf, 36]], 'RPM': [[5100, 5300], [5400, 6000]]}
{'type': ['Small'], 'Engine_revolutions_per_mile': [[2665, 2910], [3285, inf]], 'domestic': [0], 'manual_transmission_available': [1], 'Number_of_cylinders': [[-inf, 5]], 'Horsepower': [[-inf, 105]], 'Fuel_tank_capacity': [[-inf, 12.4], [15.5, 16]], 'Luggage_capacity': [[9, 11], [15, 16]], 'Air_Bags_standard': [[-inf, 1]], 'Rear_seat_room': [[24, 25], [26.5, 27.5]], 'Passenger_capacity': [[3, 5]], 'maker': ['Geo', 'Subaru', 'Suzuki', 'Toyota'], 'Length': [[-inf, 163], [174, 178]], 'Width': [[-inf, 65]], 'Wheelbase': [[-inf, 97]], 'Drive_train_type': [[1, inf]], 'Engine_size': [[-inf, 2], 1.3], 'U-turn_space': [[-inf, 36]], 'RPM': [[5100, 5300], [5400, 6000]]}

maker Audi Audi
maker BMW BMW
maker Buick Buick
maker Chevrolet Chevrolet
maker Chrysler Chrysler
maker Dodge Dodge
maker Eagle Eagle
maker Ford Ford
maker Geo Geo
maker Honda Honda
maker Lexus Lexus
maker Mazda Mazda
maker Mercedes-Benz Mercedes-Benz
maker Mercury Mercury
maker Mitsubishi Mitsubishi
maker Nissan Nissan
maker Oldsmobile Oldsmobile
maker Saab Saab
maker Subaru Subaru
maker Volkswagen Volkswagen

type Compact Compact
type Large Large
type Midsize Midsize
type Small Small
type Sporty Sporty
type Van Van

Air_Bags_standard -inf 1
Air_Bags_standard 1 2
Air_Bags_standard 2 inf

Drive_train_type -inf 1
Drive_train_type 1 2
Drive_train_type 2 inf

Number_of_cylinders -inf 4
Number_of_cylinders 4 5
Number_of_cylinders 5 6
Number_of_cylinders 6 inf

Engine_size -inf 1.8
Engine_size 1.8 2.4
Engine_size 2.4 3
Engine_size 3 3.8
Engine_size 3.8 inf

Horsepower -inf 102
Horsepower 102 130
Horsepower 130 165
Horsepower 165 inf

RPM -inf 3801
RPM 3801 4801
RPM 4801 5200
RPM 5200 5900
RPM 5900 6000
RPM 6000 inf

Engine_revolutions_per_mile -inf 1351
Engine_revolutions_per_mile 1351 1970
Engine_revolutions_per_mile 1970 2210
Engine_revolutions_per_mile 2210 2565
Engine_revolutions_per_mile 2565 2875
Engine_revolutions_per_mile 2875 inf

manual_transmission_available 0 0
manual_transmission_available 1 1

Fuel_tank_capacity -inf 13.2
Fuel_tank_capacity 13.2 16.5
Fuel_tank_capacity 16.5 18.8
Fuel_tank_capacity 18.8 21.1
Fuel_tank_capacity 21.1 inf

Passenger_capacity -inf 5
Passenger_capacity 5 6
Passenger_capacity 6 7
Passenger_capacity 7 8
Passenger_capacity 8 inf

Length -inf 169
Length 169 179
Length 179 190
Length 190 199
Length 199 inf

Wheelbase -inf 99
Wheelbase 99 103
Wheelbase 103 106
Wheelbase 106 110
Wheelbase 110 113
Wheelbase 113 inf

Width -inf 66
Width 66 68
Width 68 70
Width 70 73
Width 73 inf

U-turn_space -inf 36
U-turn_space 36 40
U-turn_space 40 41
U-turn_space 41 43
U-turn_space 43 inf

Rear_seat_room -inf 24.5
Rear_seat_room 24.5 26.5
Rear_seat_room 26.5 30.5
Rear_seat_room 30.5 inf

Luggage_capacity -inf 12
Luggage_capacity 12 14
Luggage_capacity 14 16
Luggage_capacity 16 inf

domestic 0 0
domestic 1 1
{'manual_transmission_available': [0]}
{'manual_transmission_available': [0], 'domestic': [1]}
{'manual_transmission_available': [0], 'domestic': [1], 'RPM': [[4801, 5200]]}
{'manual_transmission_available': [0], 'domestic': [1], 'RPM': [[4801, 5200]], 'Rear_seat_room': [[26.5, 30.5]]}
{'manual_transmission_available': [0], 'domestic': [1], 'RPM': [[4801, 5200]], 'Rear_seat_room': [[26.5, 30.5]], 'Horsepower': [[130, 165]]}
{'manual_transmission_available': [0], 'domestic': [1], 'RPM': [[4801, 5200]], 'Rear_seat_room': [[26.5, 30.5]], 'Horsepower': [[130, 165]], 'Fuel_tank_capacity': [[13.2, 16.5]]}
{'manual_transmission_available': [0], 'domestic': [1], 'RPM': [[4801, 5200]], 'Rear_seat_room': [[26.5, 30.5]], 'Horsepower': [[130, 165]], 'Fuel_tank_capacity': [[13.2, 16.5]], 'Luggage_capacity': [[14, 16]]}
{'manual_transmission_available': [0], 'domestic': [1], 'RPM': [[4801, 5200]], 'Rear_seat_room': [[26.5, 30.5]], 'Horsepower': [[130, 165]], 'Fuel_tank_capacity': [[13.2, 16.5]], 'Luggage_capacity': [[14, 16]], 'Drive_train_type': [[1, 2]]}
{'manual_transmission_available': [0], 'domestic': [1], 'RPM': [[4801, 5200]], 'Rear_seat_room': [[26.5, 30.5]], 'Horsepower': [[130, 165]], 'Fuel_tank_capacity': [[13.2, 16.5]], 'Luggage_capacity': [[14, 16]], 'Drive_train_type': [[1, 2]], 'Number_of_cylinders': [[4, 5]]}
{'manual_transmission_available': [0], 'domestic': [1], 'RPM': [[4801, 5200]], 'Rear_seat_room': [[26.5, 30.5]], 'Horsepower': [[130, 165]], 'Fuel_tank_capacity': [[13.2, 16.5]], 'Luggage_capacity': [[14, 16]], 'Drive_train_type': [[1, 2]], 'Number_of_cylinders': [[4, 5]], 'Width': [[70, 73]]}
{'manual_transmission_available': [0], 'domestic': [1], 'RPM': [[4801, 5200]], 'Rear_seat_room': [[26.5, 30.5]], 'Horsepower': [[130, 165]], 'Fuel_tank_capacity': [[13.2, 16.5]], 'Luggage_capacity': [[14, 16]], 'Drive_train_type': [[1, 2]], 'Number_of_cylinders': [[4, 5]], 'Width': [[70, 73]], 'Engine_size': [[1.8, 2.4]]}
{'manual_transmission_available': [0], 'domestic': [1], 'RPM': [[4801, 5200]], 'Rear_seat_room': [[26.5, 30.5]], 'Horsepower': [[130, 165]], 'Fuel_tank_capacity': [[13.2, 16.5]], 'Luggage_capacity': [[14, 16]], 'Drive_train_type': [[1, 2]], 'Number_of_cylinders': [[4, 5]], 'Width': [[70, 73]], 'Engine_size': [[1.8, 2.4]], 'Length': [[179, 190]]}
{'manual_transmission_available': [0], 'domestic': [1], 'RPM': [[4801, 5200]], 'Rear_seat_room': [[26.5, 30.5]], 'Horsepower': [[130, 165]], 'Fuel_tank_capacity': [[13.2, 16.5]], 'Luggage_capacity': [[14, 16]], 'Drive_train_type': [[1, 2]], 'Number_of_cylinders': [[4, 5]], 'Width': [[70, 73]], 'Engine_size': [[1.8, 2.4]], 'Length': [[179, 190]], 'maker': ['Oldsmobile']}
{'manual_transmission_available': [0], 'domestic': [1], 'RPM': [[4801, 5200]], 'Rear_seat_room': [[26.5, 30.5]], 'Horsepower': [[130, 165]], 'Fuel_tank_capacity': [[13.2, 16.5]], 'Luggage_capacity': [[14, 16]], 'Drive_train_type': [[1, 2]], 'Number_of_cylinders': [[4, 5]], 'Width': [[70, 73]], 'Engine_size': [[1.8, 2.4]], 'Length': [[179, 190]], 'maker': ['Oldsmobile'], 'Air_Bags_standard': [[-inf, 1]]}
{'manual_transmission_available': [0], 'domestic': [1], 'RPM': [[4801, 5200]], 'Rear_seat_room': [[26.5, 30.5]], 'Horsepower': [[130, 165]], 'Fuel_tank_capacity': [[13.2, 16.5]], 'Luggage_capacity': [[14, 16]], 'Drive_train_type': [[1, 2]], 'Number_of_cylinders': [[4, 5]], 'Width': [[70, 73]], 'Engine_size': [[1.8, 2.4]], 'Length': [[179, 190]], 'maker': ['Oldsmobile'], 'Air_Bags_standard': [[-inf, 1]], 'type': ['Midsize']}
{'manual_transmission_available': [0], 'domestic': [1], 'RPM': [[4801, 5200]], 'Rear_seat_room': [[26.5, 30.5]], 'Horsepower': [[130, 165]], 'Fuel_tank_capacity': [[13.2, 16.5]], 'Luggage_capacity': [[14, 16]], 'Drive_train_type': [[1, 2]], 'Number_of_cylinders': [[4, 5]], 'Width': [[70, 73]], 'Engine_size': [[1.8, 2.4]], 'Length': [[179, 190]], 'maker': ['Oldsmobile'], 'Air_Bags_standard': [[-inf, 1]], 'type': ['Midsize'], 'Wheelbase': [[110, 113]]}
{'manual_transmission_available': [0], 'domestic': [1], 'RPM': [[4801, 5200]], 'Rear_seat_room': [[26.5, 30.5]], 'Horsepower': [[130, 165]], 'Fuel_tank_capacity': [[13.2, 16.5]], 'Luggage_capacity': [[14, 16]], 'Drive_train_type': [[1, 2]], 'Number_of_cylinders': [[4, 5]], 'Width': [[70, 73]], 'Engine_size': [[1.8, 2.4]], 'Length': [[179, 190]], 'maker': ['Oldsmobile'], 'Air_Bags_standard': [[-inf, 1]], 'type': ['Midsize'], 'Wheelbase': [[110, 113]], 'Passenger_capacity': [[5, 6]]}
{'manual_transmission_available': [0], 'domestic': [1], 'RPM': [[4801, 5200]], 'Rear_seat_room': [[26.5, 30.5]], 'Horsepower': [[130, 165]], 'Fuel_tank_capacity': [[13.2, 16.5]], 'Luggage_capacity': [[14, 16]], 'Drive_train_type': [[1, 2]], 'Number_of_cylinders': [[4, 5]], 'Width': [[70, 73]], 'Engine_size': [[1.8, 2.4]], 'Length': [[179, 190]], 'maker': ['Oldsmobile'], 'Air_Bags_standard': [[-inf, 1]], 'type': ['Midsize'], 'Wheelbase': [[110, 113]], 'Passenger_capacity': [[5, 6]], 'U-turn_space': [[40, 41]]}
{'manual_transmission_available': [0], 'domestic': [1], 'RPM': [[4801, 5200]], 'Rear_seat_room': [[26.5, 30.5]], 'Horsepower': [[102, 165]], 'Fuel_tank_capacity': [[13.2, 16.5]], 'Luggage_capacity': [[14, 16]], 'Drive_train_type': [[1, 2]], 'Number_of_cylinders': [[4, 5]], 'Width': [[70, 73]], 'Engine_size': [[1.8, 2.4]], 'Length': [[179, 190]], 'maker': ['Oldsmobile'], 'Air_Bags_standard': [[-inf, 1]], 'type': ['Midsize'], 'Wheelbase': [[110, 113]], 'Passenger_capacity': [[5, 6]], 'U-turn_space': [[40, 41]]}
{'manual_transmission_available': [0], 'domestic': [1], 'RPM': [[4801, 5200]], 'Rear_seat_room': [[26.5, 30.5]], 'Horsepower': [[102, 165]], 'Fuel_tank_capacity': [[13.2, 16.5]], 'Luggage_capacity': [[14, 16]], 'Drive_train_type': [[1, 2]], 'Number_of_cylinders': [[4, 5]], 'Width': [[70, 73]], 'Engine_size': [[1.8, 2.4]], 'Length': [[179, 190]], 'maker': ['Oldsmobile'], 'Air_Bags_standard': [[-inf, 1]], 'type': ['Midsize'], 'Wheelbase': [[110, 113]], 'Passenger_capacity': [[5, 6]], 'U-turn_space': [[40, 41]], 'Engine_revolutions_per_mile': [[1351, 1970]]}
{'manual_transmission_available': [0], 'domestic': [1], 'RPM': [[4801, 5200]], 'Rear_seat_room': [[26.5, 30.5]], 'Horsepower': [[102, 165]], 'Fuel_tank_capacity': [[13.2, 16.5]], 'Luggage_capacity': [[14, 16]], 'Drive_train_type': [[1, 2]], 'Number_of_cylinders': [[4, 5]], 'Width': [[70, 73]], 'Engine_size': [[1.8, 2.4]], 'Length': [[179, 190]], 'maker': ['Oldsmobile'], 'Air_Bags_standard': [[-inf, 1]], 'type': ['Midsize'], 'Wheelbase': [[110, 113]], 'Passenger_capacity': [[5, 7]], 'U-turn_space': [[40, 41]], 'Engine_revolutions_per_mile': [[1351, 1970]]}
{'manual_transmission_available': [0], 'domestic': [1], 'RPM': [[4801, 5200]], 'Rear_seat_room': [[26.5, 30.5]], 'Horsepower': [[102, 165]], 'Fuel_tank_capacity': [[13.2, 16.5]], 'Luggage_capacity': [[14, 16]], 'Drive_train_type': [[1, 2]], 'Number_of_cylinders': [[4, 5]], 'Width': [[70, 73]], 'Engine_size': [[1.8, 2.4]], 'Length': [[179, 190]], 'maker': ['Oldsmobile'], 'Air_Bags_standard': [[-inf, 1]], 'type': ['Midsize'], 'Wheelbase': [[110, 113]], 'Passenger_capacity': [[5, 7]], 'U-turn_space': [[40, 43]], 'Engine_revolutions_per_mile': [[1351, 1970]]}
{'manual_transmission_available': [0], 'domestic': [1], 'RPM': [[4801, 5200]], 'Rear_seat_room': [[26.5, 30.5]], 'Horsepower': [[102, 165]], 'Fuel_tank_capacity': [[13.2, 16.5]], 'Luggage_capacity': [[14, 16]], 'Drive_train_type': [[1, 2]], 'Number_of_cylinders': [[4, 5]], 'Width': [[70, 73]], 'Engine_size': [[1.8, 2.4]], 'Length': [[179, 190]], 'maker': ['Oldsmobile'], 'Air_Bags_standard': [[-inf, 1]], 'type': ['Compact', 'Midsize'], 'Wheelbase': [[110, 113]], 'Passenger_capacity': [[5, 7]], 'U-turn_space': [[40, 43]], 'Engine_revolutions_per_mile': [[1351, 1970]]}
{'manual_transmission_available': [0], 'domestic': [1], 'RPM': [[4801, 5200]], 'Rear_seat_room': [[26.5, 30.5]], 'Horsepower': [[102, 165]], 'Fuel_tank_capacity': [[13.2, 16.5]], 'Luggage_capacity': [[14, 16]], 'Drive_train_type': [[1, 2]], 'Number_of_cylinders': [[4, 5]], 'Width': [[70, 73]], 'Engine_size': [[1.8, 3]], 'Length': [[179, 190]], 'maker': ['Oldsmobile'], 'Air_Bags_standard': [[-inf, 1]], 'type': ['Compact', 'Midsize'], 'Wheelbase': [[110, 113]], 'Passenger_capacity': [[5, 7]], 'U-turn_space': [[40, 43]], 'Engine_revolutions_per_mile': [[1351, 1970]]}
{'manual_transmission_available': [0], 'domestic': [1], 'RPM': [[4801, 5200]], 'Rear_seat_room': [[26.5, 30.5]], 'Horsepower': [[102, 165]], 'Fuel_tank_capacity': [[13.2, 16.5]], 'Luggage_capacity': [[14, 16]], 'Drive_train_type': [[1, 2]], 'Number_of_cylinders': [[4, 5]], 'Width': [[70, 73]], 'Engine_size': [[1.8, 3]], 'Length': [[179, 199]], 'maker': ['Oldsmobile'], 'Air_Bags_standard': [[-inf, 1]], 'type': ['Compact', 'Midsize'], 'Wheelbase': [[110, 113]], 'Passenger_capacity': [[5, 7]], 'U-turn_space': [[40, 43]], 'Engine_revolutions_per_mile': [[1351, 1970]]}
{'manual_transmission_available': [0], 'domestic': [1], 'RPM': [[4801, 5200]], 'Rear_seat_room': [[26.5, 30.5]], 'Horsepower': [[102, 165]], 'Fuel_tank_capacity': [[13.2, 16.5]], 'Luggage_capacity': [[14, 16]], 'Drive_train_type': [[1, 2]], 'Number_of_cylinders': [[4, 5]], 'Width': [[70, 73]], 'Engine_size': [[1.8, 3]], 'Length': [[179, 199]], 'maker': ['Oldsmobile'], 'Air_Bags_standard': [[-inf, 1]], 'type': ['Compact', 'Midsize'], 'Wheelbase': [[103, 106], [110, 113]], 'Passenger_capacity': [[5, 7]], 'U-turn_space': [[40, 43]], 'Engine_revolutions_per_mile': [[1351, 1970]]}
{'manual_transmission_available': [0], 'domestic': [1], 'RPM': [[4801, 5200]], 'Rear_seat_room': [[26.5, 30.5]], 'Horsepower': [[102, 165]], 'Fuel_tank_capacity': [[13.2, 16.5]], 'Luggage_capacity': [[14, 16]], 'Drive_train_type': [[1, 2]], 'Number_of_cylinders': [[4, 5]], 'Width': [[66, 68], [70, 73]], 'Engine_size': [[1.8, 3]], 'Length': [[179, 199]], 'maker': ['Oldsmobile'], 'Air_Bags_standard': [[-inf, 1]], 'type': ['Compact', 'Midsize'], 'Wheelbase': [[103, 106], [110, 113]], 'Passenger_capacity': [[5, 7]], 'U-turn_space': [[40, 43]], 'Engine_revolutions_per_mile': [[1351, 1970]]}
{'manual_transmission_available': [0], 'domestic': [1], 'RPM': [[4801, 5200]], 'Rear_seat_room': [[26.5, 30.5]], 'Horsepower': [[102, 165]], 'Fuel_tank_capacity': [[13.2, 16.5]], 'Luggage_capacity': [[12, 16]], 'Drive_train_type': [[1, 2]], 'Number_of_cylinders': [[4, 5]], 'Width': [[66, 68], [70, 73]], 'Engine_size': [[1.8, 3]], 'Length': [[179, 199]], 'maker': ['Oldsmobile'], 'Air_Bags_standard': [[-inf, 1]], 'type': ['Compact', 'Midsize'], 'Wheelbase': [[103, 106], [110, 113]], 'Passenger_capacity': [[5, 7]], 'U-turn_space': [[40, 43]], 'Engine_revolutions_per_mile': [[1351, 1970]]}
{'manual_transmission_available': [0], 'domestic': [1], 'RPM': [[4801, 5200]], 'Rear_seat_room': [[26.5, 30.5]], 'Horsepower': [[102, 165]], 'Fuel_tank_capacity': [[13.2, 16.5]], 'Luggage_capacity': [[12, 16]], 'Drive_train_type': [[1, 2]], 'Number_of_cylinders': [[4, 5]], 'Width': [[66, 68], [70, 73]], 'Engine_size': [[1.8, 3]], 'Length': [[179, 199]], 'maker': ['Dodge', 'Oldsmobile'], 'Air_Bags_standard': [[-inf, 1]], 'type': ['Compact', 'Midsize'], 'Wheelbase': [[103, 106], [110, 113]], 'Passenger_capacity': [[5, 7]], 'U-turn_space': [[40, 43]], 'Engine_revolutions_per_mile': [[1351, 1970]]}
{'manual_transmission_available': [0], 'domestic': [1], 'RPM': [[4801, 5200]], 'Rear_seat_room': [[26.5, 30.5]], 'Horsepower': [[102, 165]], 'Fuel_tank_capacity': [[13.2, 16.5]], 'Luggage_capacity': [[12, 16]], 'Drive_train_type': [[1, 2]], 'Number_of_cylinders': [[4, 6]], 'Width': [[66, 68], [70, 73]], 'Engine_size': [[1.8, 3]], 'Length': [[179, 199]], 'maker': ['Dodge', 'Oldsmobile'], 'Air_Bags_standard': [[-inf, 1]], 'type': ['Compact', 'Midsize'], 'Wheelbase': [[103, 106], [110, 113]], 'Passenger_capacity': [[5, 7]], 'U-turn_space': [[40, 43]], 'Engine_revolutions_per_mile': [[1351, 1970]]}
{'manual_transmission_available': [0], 'domestic': [1], 'RPM': [[-inf, 3801], [4801, 5200]], 'Rear_seat_room': [[26.5, 30.5]], 'Horsepower': [[102, 165]], 'Fuel_tank_capacity': [[13.2, 16.5]], 'Luggage_capacity': [[12, 16]], 'Drive_train_type': [[1, 2]], 'Number_of_cylinders': [[4, 6]], 'Width': [[66, 68], [70, 73]], 'Engine_size': [[1.8, 3]], 'Length': [[179, 199]], 'maker': ['Dodge', 'Oldsmobile'], 'Air_Bags_standard': [[-inf, 1]], 'type': ['Compact', 'Midsize'], 'Wheelbase': [[103, 106], [110, 113]], 'Passenger_capacity': [[5, 7]], 'U-turn_space': [[40, 43]], 'Engine_revolutions_per_mile': [[1351, 1970]]}
{'manual_transmission_available': [0], 'domestic': [1], 'RPM': [[-inf, 3801], [4801, 5200]], 'Rear_seat_room': [[26.5, 30.5]], 'Horsepower': [[102, 165]], 'Fuel_tank_capacity': [[13.2, 16.5]], 'Luggage_capacity': [[12, 16]], 'Drive_train_type': [[1, 2]], 'Number_of_cylinders': [[4, 6]], 'Width': [[66, 68], [70, 73]], 'Engine_size': [[1.8, 3]], 'Length': [[179, 199]], 'maker': ['Dodge', 'Oldsmobile'], 'Air_Bags_standard': [[-inf, 1]], 'type': ['Compact', 'Midsize'], 'Wheelbase': [[103, 106], [110, 113]], 'Passenger_capacity': [[5, 7]], 'U-turn_space': [[36, 43]], 'Engine_revolutions_per_mile': [[1351, 1970]]}
{'manual_transmission_available': [0], 'domestic': [1], 'RPM': [[-inf, 3801], [4801, 5200]], 'Rear_seat_room': [[26.5, 30.5]], 'Horsepower': [[102, 165]], 'Fuel_tank_capacity': [[13.2, 16.5]], 'Luggage_capacity': [[12, 16]], 'Drive_train_type': [[1, 2]], 'Number_of_cylinders': [[4, 6]], 'Width': [[66, 68], [70, 73]], 'Engine_size': [[1.8, 3]], 'Length': [[179, 199]], 'maker': ['Chrysler', 'Dodge', 'Oldsmobile'], 'Air_Bags_standard': [[-inf, 1]], 'type': ['Compact', 'Midsize'], 'Wheelbase': [[103, 106], [110, 113]], 'Passenger_capacity': [[5, 7]], 'U-turn_space': [[36, 43]], 'Engine_revolutions_per_mile': [[1351, 1970]]}
{'manual_transmission_available': [0], 'domestic': [1], 'RPM': [[-inf, 3801], [4801, 5200]], 'Rear_seat_room': [[26.5, 30.5]], 'Horsepower': [[102, 165]], 'Fuel_tank_capacity': [[13.2, 16.5]], 'Luggage_capacity': [[12, 16]], 'Drive_train_type': [[1, 2]], 'Number_of_cylinders': [[4, 6]], 'Width': [[66, 68], [70, 73]], 'Engine_size': [[1.8, 3]], 'Length': [[179, 199]], 'maker': ['Chrysler', 'Dodge', 'Mercury', 'Oldsmobile'], 'Air_Bags_standard': [[-inf, 1]], 'type': ['Compact', 'Midsize'], 'Wheelbase': [[103, 106], [110, 113]], 'Passenger_capacity': [[5, 7]], 'U-turn_space': [[36, 43]], 'Engine_revolutions_per_mile': [[1351, 1970]]}
{'manual_transmission_available': [0], 'domestic': [1], 'RPM': [[-inf, 3801], [4801, 5200]], 'Rear_seat_room': [[26.5, 30.5]], 'Horsepower': [[102, 165]], 'Fuel_tank_capacity': [[13.2, 16.5]], 'Luggage_capacity': [[12, 16]], 'Drive_train_type': [[1, 2]], 'Number_of_cylinders': [[4, 6]], 'Width': [[66, 68], [70, 73]], 'Engine_size': [[1.8, 3]], 'Length': [[179, 199]], 'maker': ['Chrysler', 'Dodge', 'Mercury', 'Oldsmobile'], 'Air_Bags_standard': [[-inf, 1]], 'type': ['Compact', 'Midsize'], 'Wheelbase': [[103, 106], [110, 113]], 'Passenger_capacity': [[5, 7]], 'U-turn_space': [[36, 43]], 'Engine_revolutions_per_mile': [[1351, 1970], [2210, 2565]]}
{'manual_transmission_available': [0], 'domestic': [1], 'RPM': [[-inf, 3801], [4801, 5200]], 'Rear_seat_room': [[26.5, 30.5]], 'Horsepower': [[102, 165]], 'Fuel_tank_capacity': [[13.2, 16.5]], 'Luggage_capacity': [[12, 16]], 'Drive_train_type': [[1, 2]], 'Number_of_cylinders': [[4, 6]], 'Width': [[66, 68], [70, 73]], 'Engine_size': [[1.8, 3]], 'Length': [[179, 199]], 'maker': ['Chrysler', 'Dodge', 'Mercury', 'Oldsmobile'], 'Air_Bags_standard': [[-inf, 1]], 'type': ['Compact', 'Midsize'], 'Wheelbase': [[103, 106], [110, 113]], 'Passenger_capacity': [[5, 8]], 'U-turn_space': [[36, 43]], 'Engine_revolutions_per_mile': [[1351, 1970], [2210, 2565]]}
{'manual_transmission_available': [0], 'domestic': [1], 'RPM': [[-inf, 3801], [4801, 5200]], 'Rear_seat_room': [[26.5, 30.5]], 'Horsepower': [[102, 165]], 'Fuel_tank_capacity': [[13.2, 16.5]], 'Luggage_capacity': [[12, 16]], 'Drive_train_type': [[1, 2]], 'Number_of_cylinders': [[4, 6]], 'Width': [[66, 68], [70, 73]], 'Engine_size': [[1.8, 3]], 'Length': [[179, 199]], 'maker': ['Chrysler', 'Dodge', 'Mercury', 'Oldsmobile'], 'Air_Bags_standard': [[-inf, 2]], 'type': ['Compact', 'Midsize'], 'Wheelbase': [[103, 106], [110, 113]], 'Passenger_capacity': [[5, 8]], 'U-turn_space': [[36, 43]], 'Engine_revolutions_per_mile': [[1351, 1970], [2210, 2565]]}
{'manual_transmission_available': [0], 'domestic': [1], 'RPM': [[-inf, 3801], [4801, 5200]], 'Rear_seat_room': [[26.5, 30.5]], 'Horsepower': [[102, 165]], 'Fuel_tank_capacity': [[13.2, 16.5]], 'Luggage_capacity': [[12, 16]], 'Drive_train_type': [[1, 2]], 'Number_of_cylinders': [[4, 6]], 'Width': [[66, 68], [70, 73]], 'Engine_size': [[1.8, 3]], 'Length': [[179, 199]], 'maker': ['Chevrolet', 'Chrysler', 'Dodge', 'Mercury', 'Oldsmobile'], 'Air_Bags_standard': [[-inf, 2]], 'type': ['Compact', 'Midsize'], 'Wheelbase': [[103, 106], [110, 113]], 'Passenger_capacity': [[5, 8]], 'U-turn_space': [[36, 43]], 'Engine_revolutions_per_mile': [[1351, 1970], [2210, 2565]]}
{'manual_transmission_available': [0], 'domestic': [1], 'RPM': [[-inf, 3801], [4801, 5200]], 'Rear_seat_room': [[26.5, 30.5]], 'Horsepower': [[102, 165]], 'Fuel_tank_capacity': [[13.2, 16.5]], 'Luggage_capacity': [[12, 16]], 'Drive_train_type': [[1, 2]], 'Number_of_cylinders': [[4, 6]], 'Width': [[66, 68], [70, 73]], 'Engine_size': [[1.8, 3]], 'Length': [[179, 199]], 'maker': ['Chevrolet', 'Chrysler', 'Dodge', 'Mercury', 'Oldsmobile'], 'Air_Bags_standard': [[-inf, 2]], 'type': ['Compact', 'Midsize', 'Van'], 'Wheelbase': [[103, 106], [110, 113]], 'Passenger_capacity': [[5, 8]], 'U-turn_space': [[36, 43]], 'Engine_revolutions_per_mile': [[1351, 1970], [2210, 2565]]}
{'manual_transmission_available': [0], 'domestic': [1], 'RPM': [[-inf, 3801], [4801, 5200]], 'Rear_seat_room': [[26.5, 30.5]], 'Horsepower': [[102, 165]], 'Fuel_tank_capacity': [[13.2, 16.5]], 'Luggage_capacity': [[12, 16]], 'Drive_train_type': [[1, 2]], 'Number_of_cylinders': [[4, 6]], 'Width': [[66, 68], [70, 73]], 'Engine_size': [[1.8, 3]], 'Length': [[179, 199]], 'maker': ['Chevrolet', 'Chrysler', 'Dodge', 'Mercury', 'Oldsmobile'], 'Air_Bags_standard': [[-inf, 2]], 'type': ['Compact', 'Midsize', 'Van'], 'Wheelbase': [[103, 106], [110, 113]], 'Passenger_capacity': [[5, 8]], 'U-turn_space': [[36, 43]], 'Engine_revolutions_per_mile': [[1351, 1970], [2210, 2875]]}
{'manual_transmission_available': [0], 'domestic': [1], 'RPM': [[-inf, 3801], [4801, 5200]], 'Rear_seat_room': [[26.5, 30.5]], 'Horsepower': [[102, 165]], 'Fuel_tank_capacity': [[13.2, 18.8]], 'Luggage_capacity': [[12, 16]], 'Drive_train_type': [[1, 2]], 'Number_of_cylinders': [[4, 6]], 'Width': [[66, 68], [70, 73]], 'Engine_size': [[1.8, 3]], 'Length': [[179, 199]], 'maker': ['Chevrolet', 'Chrysler', 'Dodge', 'Mercury', 'Oldsmobile'], 'Air_Bags_standard': [[-inf, 2]], 'type': ['Compact', 'Midsize', 'Van'], 'Wheelbase': [[103, 106], [110, 113]], 'Passenger_capacity': [[5, 8]], 'U-turn_space': [[36, 43]], 'Engine_revolutions_per_mile': [[1351, 1970], [2210, 2875]]}
{'manual_transmission_available': [0], 'domestic': [1], 'RPM': [[-inf, 3801], [4801, 5200]], 'Rear_seat_room': [[26.5, 30.5]], 'Horsepower': [[102, 165]], 'Fuel_tank_capacity': [[13.2, 18.8]], 'Luggage_capacity': [[12, 16]], 'Drive_train_type': [[1, 2]], 'Number_of_cylinders': [[4, 6]], 'Width': [[66, 68], [70, 73]], 'Engine_size': [[1.8, 3]], 'Length': [[179, 199]], 'maker': ['Chevrolet', 'Chrysler', 'Dodge', 'Mercury', 'Oldsmobile'], 'type': ['Compact', 'Midsize', 'Van'], 'Wheelbase': [[103, 106], [110, 113]], 'Passenger_capacity': [[5, 8]], 'U-turn_space': [[36, 43]], 'Engine_revolutions_per_mile': [[1351, 1970], [2210, 2875]]}
{'manual_transmission_available': [0], 'domestic': [1], 'RPM': [[-inf, 3801], [4801, 5200]], 'Rear_seat_room': [[26.5, 30.5]], 'Horsepower': [[102, 165]], 'Fuel_tank_capacity': [[13.2, 18.8]], 'Luggage_capacity': [[12, 16]], 'Drive_train_type': [[1, 2]], 'Number_of_cylinders': [[4, 6]], 'Width': [[66, 68], [70, 73]], 'Engine_size': [[1.8, 3]], 'Length': [[179, 199]], 'maker': ['Chevrolet', 'Chrysler', 'Dodge', 'Mercury', 'Oldsmobile'], 'type': ['Compact', 'Midsize', 'Van'], 'Wheelbase': [[103, 106], [110, 113]], 'Passenger_capacity': [[5, 8]], 'U-turn_space': [[36, 43]], 'Engine_revolutions_per_mile': [[1351, 2875]]}
{'manual_transmission_available': [0], 'domestic': [1], 'RPM': [[-inf, 3801], [4801, 5200]], 'Rear_seat_room': [[26.5, 30.5]], 'Horsepower': [[102, 165]], 'Fuel_tank_capacity': [[13.2, 18.8]], 'Luggage_capacity': [[12, 16]], 'Drive_train_type': [[1, 2]], 'Number_of_cylinders': [[4, 6]], 'Width': [[66, 68], [70, 73]], 'Engine_size': [[1.8, 3]], 'Length': [[179, 199]], 'maker': ['Chevrolet', 'Chrysler', 'Dodge', 'Mercury', 'Oldsmobile'], 'type': ['Compact', 'Midsize', 'Van'], 'Wheelbase': [[99, 106], [110, 113]], 'Passenger_capacity': [[5, 8]], 'U-turn_space': [[36, 43]], 'Engine_revolutions_per_mile': [[1351, 2875]]}
{'manual_transmission_available': [0], 'domestic': [1], 'RPM': [[-inf, 3801], [4801, 5200]], 'Rear_seat_room': [[26.5, 30.5]], 'Horsepower': [[102, 165]], 'Fuel_tank_capacity': [[13.2, 18.8]], 'Luggage_capacity': [[12, 16]], 'Drive_train_type': [[1, 2]], 'Number_of_cylinders': [[4, 6]], 'Width': [[66, 68], [70, 73]], 'Engine_size': [[1.8, 3.8]], 'Length': [[179, 199]], 'maker': ['Chevrolet', 'Chrysler', 'Dodge', 'Mercury', 'Oldsmobile'], 'type': ['Compact', 'Midsize', 'Van'], 'Wheelbase': [[99, 106], [110, 113]], 'Passenger_capacity': [[5, 8]], 'U-turn_space': [[36, 43]], 'Engine_revolutions_per_mile': [[1351, 2875]]}

Mid
Method, 	CityMPG+, 	HighwayMPG+, 	Weight-, 	Class-
all, 	21.0, 	28.0, 	3050.0, 	18.2, 	93
sway1, 	23.0, 	29.0, 	3195.0, 	15.9, 	6
xpln1, 	19.0, 	27.0, 	3570.0, 	19.5, 	26
sway2, 	39.0, 	43.0, 	2055.0, 	9.8, 	5
xpln2, 	29.0, 	33.0, 	2350.0, 	10.1, 	21
top, 	39.0, 	43.0, 	2055.0, 	9.0, 	6

Div
Method, 	CityMPG+, 	HighwayMPG+, 	Weight-, 	Class-
all, 	4.65, 	5.04, 	625.97, 	9.5, 	93
sway1, 	1.94, 	1.94, 	308.14, 	1.59, 	6
xpln1, 	2.71, 	3.1, 	366.28, 	7.36, 	26
sway2, 	5.43, 	5.04, 	203.49, 	0.97, 	5
xpln2, 	7.36, 	6.2, 	273.26, 	1.51, 	21
top, 	5.43, 	5.04, 	149.22, 	1.43, 	6

Evals
Method, 	 Count
all, 	0
sway1, 	5
xpln1, 	5
sway2, 	30
xpln2, 	30
top, 	93
------------------
Stats
------------------
all                {'CityMPG+': 21.0, 'HighwayMPG+': 28.0, 'Weight-': 3050.0, 'Class-': 18.2, 'N': 93} {'CityMPG+': 4.65, 'HighwayMPG+': 5.04, 'Weight-': 625.97, 'Class-': 9.5, 'N': 93}
sway1 with 5 evals {'CityMPG+': 23.0, 'HighwayMPG+': 29.0, 'Weight-': 3195.0, 'Class-': 15.9, 'N': 6} {'CityMPG+': 1.94, 'HighwayMPG+': 1.94, 'Weight-': 308.14, 'Class-': 1.59, 'N': 6}
xpln1 on 5 evals {'CityMPG+': 19.0, 'HighwayMPG+': 27.0, 'Weight-': 3570.0, 'Class-': 19.5, 'N': 26} {'CityMPG+': 2.71, 'HighwayMPG+': 3.1, 'Weight-': 366.28, 'Class-': 7.36, 'N': 26}
top with 93 evals {'CityMPG+': 39.0, 'HighwayMPG+': 43.0, 'Weight-': 2055.0, 'Class-': 9.0, 'N': 6} {'CityMPG+': 5.43, 'HighwayMPG+': 5.04, 'Weight-': 149.22, 'Class-': 1.43, 'N': 6}
sway2 with 30 evals {'CityMPG+': 39.0, 'HighwayMPG+': 43.0, 'Weight-': 2055.0, 'Class-': 9.8, 'N': 5} {'CityMPG+': 5.43, 'HighwayMPG+': 5.04, 'Weight-': 203.49, 'Class-': 0.97, 'N': 5}
xpln2 on 30 evals {'CityMPG+': 29.0, 'HighwayMPG+': 33.0, 'Weight-': 2350.0, 'Class-': 10.1, 'N': 21} {'CityMPG+': 7.36, 'HighwayMPG+': 6.2, 'Weight-': 273.26, 'Class-': 1.51, 'N': 21}
------------------
Equals
------------------
All to All   {'CityMPG+': ' = ', 'HighwayMPG+': ' = ', 'Weight-': ' = ', 'Class-': ' = '}
All to Sway1   {'CityMPG+': ' = ', 'HighwayMPG+': ' = ', 'Weight-': ' = ', 'Class-': ' = '}
All to Sway2   {'CityMPG+': ' ! ', 'HighwayMPG+': ' ! ', 'Weight-': ' ! ', 'Class-': ' ! '}
Sway1 to Sway2   {'CityMPG+': ' ! ', 'HighwayMPG+': ' ! ', 'Weight-': ' ! ', 'Class-': ' ! '}
Sway1 to Xpln1   {'CityMPG+': ' = ', 'HighwayMPG+': ' = ', 'Weight-': ' = ', 'Class-': ' ! '}
Sway2 to Xpln2   {'CityMPG+': ' = ', 'HighwayMPG+': ' = ', 'Weight-': ' = ', 'Class-': ' = '}
Sway1 to Top   {'CityMPG+': ' ! ', 'HighwayMPG+': ' ! ', 'Weight-': ' ! ', 'Class-': ' ! '}
Sway2 to Top   {'CityMPG+': ' = ', 'HighwayMPG+': ' = ', 'Weight-': ' = ', 'Class-': ' = '}
 pass:	 hpo
#W ?k <class 'str'>
#W ?v <class 'dict'>
#W ?settings <class 'function'>
#W ?cli <class 'function'>
#W ?make_attempt <class 'function'>
#W ?main <class 'function'>
#W ?Seed <class 'int'>
 Number of tests passing -> 1
 Number of tests failing -> 0
