[181440] {'N': 181440} 9, bdom, 0.7, 0.4, 2600, 1.5, 3, 
|.. [90720] 
|.. |.. [45360] 
|.. |.. |.. [22680] {'N': 22680} 11, bdom, 0.9, 0.1, 100, 0.5, 2, 
|.. |.. |.. [22680] {'N': 22680} 5, bdom, 0.7, 0.2, 100, 3.0, 2, 
|.. |.. [45360] 
|.. |.. |.. [22680] {'N': 22680} 3, zitler, 0.86, 0.1, 2600, 1.0, 5, 
|.. |.. |.. [22680] {'N': 22680} 3, bdom, 0.82, 0.2, 2100, 1.0, 5, 
|.. [90720] 
|.. |.. [45360] 
|.. |.. |.. [22680] {'N': 22680} 13, hv, 0.86, 0.1, 600, 2.5, 5, 
|.. |.. |.. [22680] {'N': 22680} 7, hv, 0.94, 0.3, 2100, 4.5, 2, 
|.. |.. [45360] 
|.. |.. |.. [22680] {'N': 22680} 3, zitler, 0.74, 0.2, 1600, 4.5, 5, 
|.. |.. |.. [22680] {'N': 22680} 9, zitler, 0.94, 0.4, 100, 1.0, 5, 
✅ pass:	 tree
#W ?k <class 'str'>
#W ?v <class 'dict'>
#W ?settings <class 'function'>
#W ?cli <class 'function'>
#W ?make_attempt <class 'function'>
#W ?main <class 'function'>
#W ?Seed <class 'int'>
✅ Number of tests passing -> 1
❌ Number of tests failing -> 0
