
prec h h

flex h h

resl h h

team vh vh

pmat h h
pmat l l
pmat n n

rely h h
rely n n
rely vh vh

data h h
data l l
data n n
data vh vh

cplx h h
cplx n n
cplx vh vh
cplx xh xh

ruse n n

docu n n

time h h
time n n
time vh vh
time xh xh

stor h h
stor n n
stor vh vh
stor xh xh

pvol h h
pvol l l
pvol n n

acap h h
acap n n
acap vh vh

pcap h h
pcap n n
pcap vh vh

pcon n n

apex h h
apex n n
apex vh vh

plex h h
plex l l
plex n n
plex vl vl

ltex h h
ltex l l
ltex n n
ltex vl vl

tool h h
tool n n

site n n

sced l l
sced n n
{'apex': ['n']}
{'apex': ['n'], 'ltex': ['l']}
{'apex': ['n'], 'ltex': ['l'], 'pcap': ['n']}
{'apex': ['n'], 'ltex': ['l'], 'pcap': ['n'], 'pmat': ['n']}
{'apex': ['n'], 'ltex': ['l'], 'pcap': ['n'], 'pmat': ['n'], 'acap': ['n']}
{'apex': ['n'], 'ltex': ['l'], 'pcap': ['n'], 'pmat': ['n'], 'acap': ['n'], 'pvol': ['h']}
{'apex': ['n'], 'ltex': ['l'], 'pcap': ['n'], 'pmat': ['n'], 'acap': ['n'], 'pvol': ['h'], 'rely': ['h']}
{'apex': ['n'], 'ltex': ['l'], 'pcap': ['n'], 'pmat': ['n'], 'acap': ['n'], 'pvol': ['h'], 'rely': ['h'], 'cplx': ['vh']}
{'apex': ['n'], 'ltex': ['l'], 'pcap': ['n'], 'pmat': ['n'], 'acap': ['n'], 'pvol': ['h'], 'rely': ['h'], 'cplx': ['vh'], 'plex': ['l']}
{'apex': ['n'], 'ltex': ['l'], 'pcap': ['n'], 'pmat': ['n'], 'acap': ['n'], 'pvol': ['h'], 'rely': ['h'], 'cplx': ['vh'], 'plex': ['l'], 'data': ['n']}
{'apex': ['n'], 'ltex': ['l'], 'pcap': ['n'], 'pmat': ['n'], 'acap': ['n'], 'pvol': ['h'], 'rely': ['h'], 'cplx': ['vh'], 'plex': ['l'], 'data': ['n'], 'sced': ['n']}
{'apex': ['n'], 'ltex': ['l'], 'pcap': ['n'], 'pmat': ['n'], 'acap': ['n'], 'pvol': ['h'], 'rely': ['h'], 'cplx': ['vh'], 'plex': ['l'], 'data': ['n'], 'sced': ['n'], 'tool': ['n']}
{'apex': ['n'], 'ltex': ['l'], 'pcap': ['n'], 'pmat': ['n'], 'acap': ['n'], 'pvol': ['h'], 'rely': ['h'], 'cplx': ['vh'], 'plex': ['l'], 'data': ['n'], 'sced': ['n'], 'tool': ['n']}
{'apex': ['n'], 'ltex': ['l'], 'pcap': ['n'], 'pmat': ['n'], 'acap': ['n'], 'pvol': ['h'], 'rely': ['h'], 'cplx': ['vh'], 'plex': ['l'], 'data': ['n'], 'sced': ['n'], 'tool': ['n']}
{'apex': ['n'], 'ltex': ['l'], 'pcap': ['n'], 'pmat': ['n'], 'acap': ['n'], 'pvol': ['h'], 'rely': ['h'], 'cplx': ['vh'], 'plex': ['l'], 'data': ['n'], 'sced': ['n'], 'tool': ['n']}
{'apex': ['n'], 'ltex': ['l'], 'pcap': ['n'], 'pmat': ['n'], 'acap': ['n'], 'pvol': ['h'], 'rely': ['h'], 'cplx': ['vh'], 'plex': ['l'], 'data': ['n'], 'sced': ['n'], 'tool': ['n']}
{'apex': ['n'], 'ltex': ['l'], 'pcap': ['n'], 'pmat': ['n'], 'acap': ['n'], 'pvol': ['h'], 'rely': ['h'], 'cplx': ['vh'], 'plex': ['l'], 'data': ['n'], 'sced': ['n'], 'tool': ['n']}
{'apex': ['n'], 'ltex': ['l'], 'pcap': ['n'], 'pmat': ['n'], 'acap': ['n'], 'pvol': ['h'], 'rely': ['h'], 'cplx': ['vh'], 'plex': ['l'], 'data': ['n'], 'sced': ['n'], 'tool': ['n']}
{'apex': ['n'], 'ltex': ['l'], 'pcap': ['n'], 'pmat': ['n'], 'acap': ['n'], 'pvol': ['h'], 'rely': ['h'], 'cplx': ['vh'], 'plex': ['l'], 'data': ['n'], 'sced': ['n'], 'tool': ['n']}
{'apex': ['n'], 'ltex': ['l'], 'pcap': ['n'], 'pmat': ['n'], 'acap': ['n'], 'pvol': ['h'], 'rely': ['h'], 'cplx': ['vh'], 'plex': ['l'], 'data': ['n'], 'sced': ['n'], 'tool': ['n']}
{'apex': ['n'], 'ltex': ['l'], 'pcap': ['n'], 'pmat': ['n'], 'acap': ['n'], 'pvol': ['h'], 'rely': ['h'], 'cplx': ['vh'], 'plex': ['l'], 'data': ['n'], 'sced': ['n'], 'tool': ['n'], 'stor': ['vh']}
{'apex': ['n'], 'ltex': ['l'], 'pcap': ['n'], 'pmat': ['n'], 'acap': ['n'], 'pvol': ['h'], 'rely': ['h'], 'cplx': ['vh'], 'plex': ['l'], 'data': ['n'], 'sced': ['n'], 'tool': ['n'], 'stor': ['vh'], 'time': ['vh']}
{'apex': ['n'], 'ltex': ['l'], 'pcap': ['n'], 'pmat': ['n'], 'acap': ['n'], 'pvol': ['h'], 'rely': ['h'], 'cplx': ['vh'], 'plex': ['l'], 'data': ['n'], 'sced': ['n'], 'tool': ['n'], 'stor': ['vh'], 'time': ['vh', 'xh']}
{'apex': ['n'], 'ltex': ['l'], 'pcap': ['n'], 'pmat': ['n'], 'acap': ['n'], 'pvol': ['h'], 'rely': ['h'], 'cplx': ['vh'], 'plex': ['l'], 'data': ['n', 'vh'], 'sced': ['n'], 'tool': ['n'], 'stor': ['vh'], 'time': ['vh', 'xh']}
{'apex': ['n'], 'ltex': ['l'], 'pcap': ['n'], 'pmat': ['n'], 'acap': ['n'], 'pvol': ['h', 'n'], 'rely': ['h'], 'cplx': ['vh'], 'plex': ['l'], 'data': ['n', 'vh'], 'sced': ['n'], 'tool': ['n'], 'stor': ['vh'], 'time': ['vh', 'xh']}
{'apex': ['n'], 'ltex': ['l', 'n'], 'pcap': ['n'], 'pmat': ['n'], 'acap': ['n'], 'pvol': ['h', 'n'], 'rely': ['h'], 'cplx': ['vh'], 'plex': ['l'], 'data': ['n', 'vh'], 'sced': ['n'], 'tool': ['n'], 'stor': ['vh'], 'time': ['vh', 'xh']}
{'apex': ['n'], 'ltex': ['l', 'n'], 'pcap': ['n'], 'pmat': ['n'], 'acap': ['n'], 'pvol': ['h', 'n'], 'rely': ['h'], 'cplx': ['vh'], 'plex': ['l'], 'data': ['n', 'vh'], 'sced': ['n'], 'tool': ['n'], 'stor': ['vh', 'xh'], 'time': ['vh', 'xh']}

-----------
explain= {'apex': ['n']}
all                {'Kloc+': 48.5, 'Effort-': 278.0, 'Defects-': 2077.0, 'Months-': 21.5, 'N': 93} {'Kloc+': 102.13, 'Effort-': 673.06, 'Defects-': 3200.39, 'Months-': 10.23, 'N': 93}
sway1 with 5 evals {'Kloc+': 16.3, 'Effort-': 480.0, 'Defects-': 1253.0, 'Months-': 21.5, 'N': 5} {'Kloc+': 10.0, 'Effort-': 508.53, 'Defects-': 1044.19, 'Months-': 8.37, 'N': 5}
xpln1 on 5 evals {'Kloc+': 24.6, 'Effort-': 117.6, 'Defects-': 887.0, 'Months-': 16.0, 'N': 34} {'Kloc+': 103.68, 'Effort-': 518.6, 'Defects-': 3244.57, 'Months-': 10.31, 'N': 34}
top with 93 evals {'Kloc+': 5.5, 'Effort-': 18.0, 'Defects-': 172.0, 'Months-': 9.1, 'N': 5} {'Kloc+': 1.47, 'Effort-': 6.05, 'Defects-': 46.12, 'Months-': 1.28, 'N': 5}
------------------
------------------
HPs
------------------
bins :  4
better :  zitler
Far :  0.93
min_size :  0.5
Max :  2600
dist :  1.5
rest :  5.0
------------------
------------------

sway on 5 evals {'Kloc+': 8.2, 'Effort-': 31.2, 'Defects-': 256.0, 'Months-': 10.4, 'N': 6}
------------------
explain= {'acap': ['n'], 'sced': ['l']}
HPs
------------------
bins :  2
better :  bdom
Far :  0.81
min_size :  0.5
Max :  100
dist :  0.5
rest :  6.0
------------------
------------------
xpln on 5 evals {'Kloc+': 14.0, 'Effort-': 60.0, 'Defects-': 437.0, 'Months-': 12.4, 'N': 15}
Best Xpln HPs
✅ pass:	 hpo
{'eps': 0.05, 'minpts': 5, 'bins': 16, 'sway': 'original', 'better': 'zitler', 'file': 'data/nasa93dem.csv', 'Far': 0.95, 'min': 0.5, 'Max': 512, 'p': 2, 'rest': 4, 'go': 'all', 'help': False, 'Reuse': True, 'seed': 937162211, 'debug': False, 'bootstrap': 512, 'conf': 0.05, 'cliffs': 0.147, 'cohen': 0.35, 'width': 40}
✅ pass:	 the
#W ?k <class 'str'>
#W ?v <class 'dict'>
#W ?settings <class 'function'>
#W ?cli <class 'function'>
#W ?make_attempt <class 'function'>
#W ?main <class 'function'>
#W ?Seed <class 'int'>
✅ Number of tests passing -> 2
❌ Number of tests failing -> 0
