
f 0 0
f 1 1

sMOOTHER 1 1

cOLORGS 0 0
cOLORGS 1 1

rELAXPARAMETER 0 0
rELAXPARAMETER 1 1

v 0 0
v 1 1

jACOBI 0 0
jACOBI 1 1

lINE 0 0
lINE 1 1

zEBRALINE 0 0
zEBRALINE 1 1

cYCLE 1 1

ALPHA -inf 50
ALPHA 50 65
ALPHA 65 80
ALPHA 80 inf

BETA -inf 6
BETA 6 20
BETA 20 35
BETA 35 50
BETA 50 inf

PRESMOOTHING -inf 5
PRESMOOTHING 5 6
PRESMOOTHING 6 7
PRESMOOTHING 7 inf

POSTSMOOTHING -inf 1
POSTSMOOTHING 1 2
POSTSMOOTHING 2 3
POSTSMOOTHING 3 inf
{'zEBRALINE': [1]}
{'zEBRALINE': [1], 'f': [0]}
{'zEBRALINE': [1], 'f': [0], 'v': [1]}
{'zEBRALINE': [1], 'f': [0], 'v': [1], 'rELAXPARAMETER': [0]}
{'zEBRALINE': [1], 'f': [0], 'v': [1], 'rELAXPARAMETER': [0], 'jACOBI': [0]}
{'zEBRALINE': [1], 'f': [0], 'v': [1], 'rELAXPARAMETER': [0], 'jACOBI': [0], 'lINE': [0]}
{'zEBRALINE': [1], 'f': [0], 'v': [1], 'rELAXPARAMETER': [0], 'jACOBI': [0], 'lINE': [0], 'cOLORGS': [0]}
{'zEBRALINE': [1], 'f': [0], 'v': [1], 'rELAXPARAMETER': [0], 'jACOBI': [0], 'lINE': [0], 'cOLORGS': [0]}
{'zEBRALINE': [1], 'f': [0], 'v': [1], 'rELAXPARAMETER': [0], 'jACOBI': [0], 'lINE': [0], 'cOLORGS': [0]}
{'zEBRALINE': [1], 'f': [0], 'v': [1], 'rELAXPARAMETER': [0], 'jACOBI': [0], 'lINE': [0], 'cOLORGS': [0], 'ALPHA': [[80, inf]]}
{'zEBRALINE': [1], 'f': [0], 'v': [1], 'rELAXPARAMETER': [0], 'jACOBI': [0], 'lINE': [0], 'cOLORGS': [0], 'ALPHA': [[80, inf]], 'BETA': [[20, 35]]}
{'zEBRALINE': [1], 'f': [0], 'v': [1], 'rELAXPARAMETER': [0], 'jACOBI': [0], 'lINE': [0], 'cOLORGS': [0], 'ALPHA': [[80, inf]], 'BETA': [[20, 35]], 'POSTSMOOTHING': [[1, 2]]}
{'zEBRALINE': [1], 'f': [0], 'v': [1], 'rELAXPARAMETER': [0], 'jACOBI': [0], 'lINE': [0], 'cOLORGS': [0], 'ALPHA': [[65, inf]], 'BETA': [[20, 35]], 'POSTSMOOTHING': [[1, 2]]}
{'zEBRALINE': [1], 'f': [0], 'v': [1], 'rELAXPARAMETER': [0], 'jACOBI': [0], 'lINE': [0], 'cOLORGS': [0], 'ALPHA': [[65, inf]], 'BETA': [[6, 35]], 'POSTSMOOTHING': [[1, 2]]}
{'zEBRALINE': [1], 'f': [0], 'v': [1], 'rELAXPARAMETER': [0], 'jACOBI': [0], 'lINE': [0], 'cOLORGS': [0], 'ALPHA': [[65, inf]], 'BETA': [[6, 35]], 'POSTSMOOTHING': [[1, 2]], 'PRESMOOTHING': [[7, inf]]}
{'zEBRALINE': [1], 'f': [0], 'v': [1], 'rELAXPARAMETER': [0], 'jACOBI': [0], 'lINE': [0], 'cOLORGS': [0], 'ALPHA': [[65, inf]], 'BETA': [[6, 35]], 'POSTSMOOTHING': [[1, 2]], 'PRESMOOTHING': [[6, inf]]}
{'zEBRALINE': [1], 'f': [0], 'v': [1], 'rELAXPARAMETER': [0], 'jACOBI': [0], 'lINE': [0], 'cOLORGS': [0], 'ALPHA': [[65, inf]], 'BETA': [[6, 35]], 'POSTSMOOTHING': [[1, 2]], 'PRESMOOTHING': [[5, inf]]}
{'zEBRALINE': [1], 'f': [0], 'v': [1], 'rELAXPARAMETER': [0], 'jACOBI': [0], 'lINE': [0], 'cOLORGS': [0], 'ALPHA': [[65, inf]], 'BETA': [[6, 35]], 'POSTSMOOTHING': [[-inf, 2]], 'PRESMOOTHING': [[5, inf]]}
{'zEBRALINE': [1], 'f': [0], 'v': [1], 'rELAXPARAMETER': [0], 'jACOBI': [0], 'lINE': [0], 'cOLORGS': [0], 'ALPHA': [[65, inf]], 'BETA': [[6, 35]], 'POSTSMOOTHING': [[-inf, 3]], 'PRESMOOTHING': [[5, inf]]}
{'zEBRALINE': [1], 'f': [0], 'v': [1], 'rELAXPARAMETER': [0], 'jACOBI': [0], 'lINE': [0], 'cOLORGS': [0], 'ALPHA': [[65, inf]], 'BETA': [[6, 50]], 'POSTSMOOTHING': [[-inf, 3]], 'PRESMOOTHING': [[5, inf]]}

-----------
explain= {'zEBRALINE': [1], 'f': [0], 'v': [1], 'rELAXPARAMETER': [0]}
all                {'NUMBERITERATIONS-': 7.0, 'TIMETOSOLUTION-': 135.44, 'N': 239360} {'NUMBERITERATIONS-': 10.08, 'TIMETOSOLUTION-': 140.01, 'N': 239360}
sway1 with 10 evals {'NUMBERITERATIONS-': 5.0, 'TIMETOSOLUTION-': 95.29, 'N': 467} {'NUMBERITERATIONS-': 0.39, 'TIMETOSOLUTION-': 13.94, 'N': 467}
xpln1 on 10 evals {'NUMBERITERATIONS-': 6.0, 'TIMETOSOLUTION-': 107.96, 'N': 14960} {'NUMBERITERATIONS-': 3.1, 'TIMETOSOLUTION-': 51.17, 'N': 14960}
top with 239360 evals {'NUMBERITERATIONS-': 4.0, 'TIMETOSOLUTION-': 88.45, 'N': 467} {'NUMBERITERATIONS-': 0.39, 'TIMETOSOLUTION-': 20.82, 'N': 467}
------------------
------------------
HPs
------------------
bins :  6.8
better :  bdom
Far :  0.85
min_size :  0.5
Max :  1200
dist :  2.375
rest :  5.55
------------------
------------------

sway on 10 evals {'NUMBERITERATIONS-': 5.0, 'TIMETOSOLUTION-': 95.29, 'N': 467}
------------------
explain= {'zEBRALINE': [1], 'f': [0], 'v': [1], 'rELAXPARAMETER': [0]}
HPs
------------------
bins :  6.8
better :  bdom
Far :  0.85
min_size :  0.5
Max :  1200
dist :  2.375
rest :  5.55
------------------
------------------
xpln on 10 evals {'NUMBERITERATIONS-': 6.0, 'TIMETOSOLUTION-': 107.96, 'N': 14960}
Best Xpln HPs
✅ pass:	 hpo
#W ?k <class 'str'>
#W ?v <class 'dict'>
#W ?settings <class 'function'>
#W ?cli <class 'function'>
#W ?make_attempt <class 'function'>
#W ?main <class 'function'>
#W ?Seed <class 'int'>
✅ Number of tests passing -> 1
❌ Number of tests failing -> 0
