Error in example 'the': not enough values to unpack (expected 3, got 2)
Traceback (most recent call last):
  File "/home/runner/work/engr-csc591-021-spring2023/engr-csc591-021-spring2023/src/HW6/run.py", line 35, in make_attempt
    passed = funs[what]()
  File "/home/runner/work/engr-csc591-021-spring2023/engr-csc591-021-spring2023/src/HW6/examples.py", line 180, in eg_function_13
    best,rest,evals = data.sway()
ValueError: not enough values to unpack (expected 3, got 2)

❌ fail:	 the
✅ pass:	 rand
{31: 87, 14: 388, 29: 397, 0: 708, 11: 1535, 21: 2064, 18: 2164, 2: 2217, 6: 2463, 19: 2663, 3: 2771, 5: 2777, 4: 3852, 23: 3896, 20: 3946, 7: 4136, 27: 4715, 15: 5559, 30: 5583, 8: 5750, 16: 5940, 9: 6296, 24: 6364, 28: 6523, 13: 7037, 12: 7174, 22: 7307, 25: 7890, 17: 8255, 26: 8342, 1: 8496, 10: 8525}
✅ pass:	 some
1 0.5 0.3
2 0.3 0.32
✅ pass:	 nums
a 1.38
✅ pass:	 syms
✅ pass:	 csv
3 8 4 1.5503875968992247
{'Lbs-': 2807.0, 'Acc+': 15.5, 'Mpg+': 20.0, 'N': 398}
✅ pass:	 data
{'Lbs-': 2807.0, 'Acc+': 15.5, 'Mpg+': 20.0, 'N': 398}
{'Lbs-': 2807.0, 'Acc+': 15.5, 'Mpg+': 20.0, 'N': 398}
✅ pass:	 clone
> 1.0 False
> 1.02 False
> 1.05 False
> 1.08 False
> 1.1 False
> 1.13 False
> 1.16 False
> 1.19 False
> 1.22 False
> 1.25 True
✅ pass:	 cliffs
{'lo': 0.0, 'hi': 0.8746495688429434, 'mid': 0.55, 'div': 0.26}
✅ pass:	 dist
199 199
l {'Lbs-': 3609.0, 'Acc+': 14.5, 'Mpg+': 20.0, 'N': 199}
r {'Lbs-': 2230.0, 'Acc+': 16.0, 'Mpg+': 30.0, 'N': 199}
✅ pass:	 half
[398] {'Lbs-': 2807.0, 'Acc+': 15.5, 'Mpg+': 20.0, 'N': 398}
|.. [199] 
|.. |.. [99] 
|.. |.. |.. [49] 
|.. |.. |.. |.. [24] {'Lbs-': 3121.0, 'Acc+': 16.5, 'Mpg+': 20.0, 'N': 24}
|.. |.. |.. |.. [25] {'Lbs-': 2408.0, 'Acc+': 16.5, 'Mpg+': 20.0, 'N': 25}
|.. |.. |.. [50] 
|.. |.. |.. |.. [25] {'Lbs-': 3381.0, 'Acc+': 16.4, 'Mpg+': 20.0, 'N': 25}
|.. |.. |.. |.. [25] {'Lbs-': 3432.0, 'Acc+': 17.7, 'Mpg+': 20.0, 'N': 25}
|.. |.. [100] 
|.. |.. |.. [50] 
|.. |.. |.. |.. [25] {'Lbs-': 4464.0, 'Acc+': 11.5, 'Mpg+': 10.0, 'N': 25}
|.. |.. |.. |.. [25] {'Lbs-': 4096.0, 'Acc+': 13.5, 'Mpg+': 20.0, 'N': 25}
|.. |.. |.. [50] 
|.. |.. |.. |.. [25] {'Lbs-': 4080.0, 'Acc+': 13.2, 'Mpg+': 20.0, 'N': 25}
|.. |.. |.. |.. [25] {'Lbs-': 4237.0, 'Acc+': 13.5, 'Mpg+': 10.0, 'N': 25}
|.. [199] 
|.. |.. [99] 
|.. |.. |.. [49] 
|.. |.. |.. |.. [24] {'Lbs-': 2065.0, 'Acc+': 16.9, 'Mpg+': 30.0, 'N': 24}
|.. |.. |.. |.. [25] {'Lbs-': 2171.0, 'Acc+': 16.8, 'Mpg+': 30.0, 'N': 25}
|.. |.. |.. [50] 
|.. |.. |.. |.. [25] {'Lbs-': 2585.0, 'Acc+': 16.4, 'Mpg+': 30.0, 'N': 25}
|.. |.. |.. |.. [25] {'Lbs-': 2665.0, 'Acc+': 15.5, 'Mpg+': 30.0, 'N': 25}
|.. |.. [100] 
|.. |.. |.. [50] 
|.. |.. |.. |.. [25] {'Lbs-': 2671.0, 'Acc+': 15.5, 'Mpg+': 20.0, 'N': 25}
|.. |.. |.. |.. [25] {'Lbs-': 2065.0, 'Acc+': 16.0, 'Mpg+': 30.0, 'N': 25}
|.. |.. |.. [50] 
|.. |.. |.. |.. [25] {'Lbs-': 2255.0, 'Acc+': 15.9, 'Mpg+': 30.0, 'N': 25}
|.. |.. |.. |.. [25] {'Lbs-': 2288.0, 'Acc+': 15.9, 'Mpg+': 30.0, 'N': 25}
✅ pass:	 tree

all  {'Lbs-': 2807.0, 'Acc+': 15.5, 'Mpg+': 20.0, 'N': 398}
     {'Lbs-': 886.82, 'Acc+': 2.71, 'Mpg+': 7.75, 'N': 398}

best {'Lbs-': 2525.0, 'Acc+': 18.0, 'Mpg+': 30.0, 'N': 12}
     {'Lbs-': 230.62, 'Acc+': 2.25, 'Mpg+': 3.88, 'N': 12}

rest {'Lbs-': 2795.0, 'Acc+': 15.5, 'Mpg+': 20.0, 'N': 48}
     {'Lbs-': 902.71, 'Acc+': 2.79, 'Mpg+': 7.75, 'N': 48}

all ~= best? {'Lbs-': True, 'Acc+': True, 'Mpg+': True}
best ~= rest? {'Lbs-': True, 'Acc+': True, 'Mpg+': True}
✅ pass:	 sway

all    {'best': 12, 'rest': 48}

Clndrs -inf 4 0.686 {'best': 12, 'rest': 22}
Clndrs 4 inf 0.0 {'rest': 26}

Volume -inf 90 0.2 {'best': 3, 'rest': 3}
Volume 90 116 0.52 {'best': 8, 'rest': 9}
Volume 116 141 0.03 {'best': 1, 'rest': 7}
Volume 141 inf 0.0 {'rest': 29}

Model -inf 70 0.362 {'best': 5, 'rest': 3}
Model 70 71 0.267 {'best': 4, 'rest': 4}
Model 71 72 0.121 {'best': 2, 'rest': 3}
Model 72 73 0.042 {'best': 1, 'rest': 4}
Model 73 inf 0.0 {'rest': 34}

origin 1 1 0.0 {'rest': 33}
origin 2 2 0.873 {'best': 12, 'rest': 7}
origin 3 3 0.0 {'rest': 8}

✅ pass:	 bins
Error in example 'xpln': not enough values to unpack (expected 3, got 2)
Traceback (most recent call last):
  File "/home/runner/work/engr-csc591-021-spring2023/engr-csc591-021-spring2023/src/HW6/run.py", line 35, in make_attempt
    passed = funs[what]()
  File "/home/runner/work/engr-csc591-021-spring2023/engr-csc591-021-spring2023/src/HW6/examples.py", line 180, in eg_function_13
    best,rest,evals = data.sway()
ValueError: not enough values to unpack (expected 3, got 2)

❌ fail:	 xpln
#W ?k <class 'str'>
#W ?v <class 'dict'>
#W ?settings <class 'function'>
#W ?cli <class 'function'>
#W ?make_attempt <class 'function'>
#W ?main <class 'function'>
#W ?Seed <class 'int'>
✅ Number of tests passing -> 13
❌ Number of tests failing -> 2
