
N_estimators -inf 50
N_estimators 50 80
N_estimators 80 100
N_estimators 100 130
N_estimators 130 150
N_estimators 150 170
N_estimators 170 inf

criterion absolute_error absolute_error
criterion poisson poisson
criterion squared_error squared_error

Min_sample_leaves -inf 8
Min_sample_leaves 8 10
Min_sample_leaves 10 13
Min_sample_leaves 13 15
Min_sample_leaves 15 17
Min_sample_leaves 17 inf

Min_impurity_decrease -inf 0.5
Min_impurity_decrease 0.5 1.75
Min_impurity_decrease 1.75 3
Min_impurity_decrease 3 4.25
Min_impurity_decrease 4.25 inf

Max_depth -inf 10
Max_depth 10 13
Max_depth 13 15
Max_depth 15 17
Max_depth 17 inf

criterion poisson poisson 0.77 {'best': 39, 'rest': 35}
Min_impurity_decrease 0.5 1.75 0.41 {'best': 19, 'rest': 10}
Max_depth 13 15 0.35 {'best': 17, 'rest': 13}
Min_sample_leaves 13 15 0.31 {'best': 14, 'rest': 7}
N_estimators 100 130 0.23 {'best': 11, 'rest': 8}
Min_impurity_decrease -inf 0.5 0.21 {'best': 10, 'rest': 7}
N_estimators 50 80 0.19 {'best': 12, 'rest': 22}
N_estimators 80 100 0.18 {'best': 10, 'rest': 12}
Min_sample_leaves 17 inf 0.18 {'best': 10, 'rest': 13}
Max_depth 15 17 0.17 {'best': 10, 'rest': 15}
Min_impurity_decrease 1.75 3 0.16 {'best': 9, 'rest': 12}
Min_sample_leaves 10 13 0.13 {'best': 9, 'rest': 20}
Max_depth 17 inf 0.11 {'best': 8, 'rest': 19}
Min_sample_leaves 15 17 0.07 {'best': 5, 'rest': 13}
Max_depth 10 13 0.04 {'best': 4, 'rest': 17}
N_estimators 150 170 0.02 {'best': 2, 'rest': 7}
N_estimators 170 inf 0.02 {'best': 3, 'rest': 23}
Min_sample_leaves 8 10 0.01 {'best': 1, 'rest': 11}
N_estimators 130 150 0.0 {'best': 1, 'rest': 13}
Min_impurity_decrease 3 4.25 0.0 {'best': 1, 'rest': 16}
N_estimators -inf 50 0.0 {'rest': 32}
criterion absolute_error absolute_error 0.0 {'rest': 47}
criterion squared_error squared_error 0.0 {'rest': 35}
Min_sample_leaves -inf 8 0.0 {'rest': 53}
Min_impurity_decrease 4.25 inf 0.0 {'rest': 72}
Max_depth -inf 10 0.0 {'rest': 53}
{'criterion': ['poisson']}
{'criterion': ['poisson'], 'Min_impurity_decrease': [[0.5, 1.75]]}
{'criterion': ['poisson'], 'Min_impurity_decrease': [[0.5, 1.75]], 'Max_depth': [[13, 15]]}
{'criterion': ['poisson'], 'Min_impurity_decrease': [[0.5, 1.75]], 'Max_depth': [[13, 15]], 'Min_sample_leaves': [[13, 15]]}
{'criterion': ['poisson'], 'Min_impurity_decrease': [[0.5, 1.75]], 'Max_depth': [[13, 15]], 'Min_sample_leaves': [[13, 15]], 'N_estimators': [[100, 130]]}
{'criterion': ['poisson'], 'Min_impurity_decrease': [[-inf, 1.75]], 'Max_depth': [[13, 15]], 'Min_sample_leaves': [[13, 15]], 'N_estimators': [[100, 130]]}
{'criterion': ['poisson'], 'Min_impurity_decrease': [[-inf, 1.75]], 'Max_depth': [[13, 15]], 'Min_sample_leaves': [[13, 15]], 'N_estimators': [[50, 80], [100, 130]]}
{'criterion': ['poisson'], 'Min_impurity_decrease': [[-inf, 1.75]], 'Max_depth': [[13, 15]], 'Min_sample_leaves': [[13, 15]], 'N_estimators': [[50, 130]]}
{'criterion': ['poisson'], 'Min_impurity_decrease': [[-inf, 1.75]], 'Max_depth': [[13, 15]], 'Min_sample_leaves': [[13, 15], [17, inf]], 'N_estimators': [[50, 130]]}
{'criterion': ['poisson'], 'Min_impurity_decrease': [[-inf, 1.75]], 'Max_depth': [[13, 17]], 'Min_sample_leaves': [[13, 15], [17, inf]], 'N_estimators': [[50, 130]]}
{'criterion': ['poisson'], 'Min_impurity_decrease': [[-inf, 3]], 'Max_depth': [[13, 17]], 'Min_sample_leaves': [[13, 15], [17, inf]], 'N_estimators': [[50, 130]]}
{'criterion': ['poisson'], 'Min_impurity_decrease': [[-inf, 3]], 'Max_depth': [[13, 17]], 'Min_sample_leaves': [[10, 15], [17, inf]], 'N_estimators': [[50, 130]]}
{'criterion': ['poisson'], 'Min_impurity_decrease': [[-inf, 3]], 'Max_depth': [[13, inf]], 'Min_sample_leaves': [[10, 15], [17, inf]], 'N_estimators': [[50, 130]]}

-----------
explain= {'criterion': ['poisson']}
all                {'MRE-': 74.9, 'ACC+': 7.14, 'PRED40+': 25.0, 'N': 10000} {'MRE-': 11.0, 'ACC+': 3.21, 'PRED40+': 14.53, 'N': 10000}
sway1 with 9 evals {'MRE-': 73.53, 'ACC+': 7.61, 'PRED40+': 25.0, 'N': 39} {'MRE-': 1.32, 'ACC+': 0.42, 'PRED40+': 9.69, 'N': 39}
xpln1 on 9 evals {'MRE-': 73.78, 'ACC+': 7.52, 'PRED40+': 25.0, 'N': 3335} {'MRE-': 1.98, 'ACC+': 0.66, 'PRED40+': 9.69, 'N': 3335}
top with 10000 evals {'MRE-': 73.9, 'ACC+': 7.77, 'PRED40+': 25.0, 'N': 39} {'MRE-': 3.78, 'ACC+': 4.41, 'PRED40+': 14.53, 'N': 39}

N_estimators -inf 31
N_estimators 31 111
N_estimators 111 inf

criterion absolute_error absolute_error
criterion poisson poisson
criterion squared_error squared_error

Min_sample_leaves -inf 11
Min_sample_leaves 11 12
Min_sample_leaves 12 13
Min_sample_leaves 13 inf

Min_impurity_decrease -inf 5
Min_impurity_decrease 5 7.5
Min_impurity_decrease 7.5 inf

Max_depth -inf 4
Max_depth 4 inf

N_estimators 31 111 1.0 {'best': 2}
Min_impurity_decrease 5 7.5 1.0 {'best': 2}
Max_depth -inf 4 1.0 {'best': 2}
criterion poisson poisson 0.8 {'best': 2, 'rest': 1}
Min_sample_leaves 12 13 0.5 {'best': 1}
Min_sample_leaves 11 12 0.33 {'best': 1, 'rest': 1}
N_estimators -inf 31 0.0 {'rest': 2}
N_estimators 111 inf 0.0 {'rest': 2}
criterion absolute_error absolute_error 0.0 {'rest': 2}
criterion squared_error squared_error 0.0 {'rest': 1}
Min_sample_leaves -inf 11 0.0 {'rest': 2}
Min_sample_leaves 13 inf 0.0 {'rest': 1}
Min_impurity_decrease -inf 5 0.0 {'rest': 3}
Min_impurity_decrease 7.5 inf 0.0 {'rest': 1}
Max_depth 4 inf 0.0 {'rest': 4}
{'N_estimators': [[31, 111]]}
{'N_estimators': [[31, 111]], 'Min_impurity_decrease': [[5, 7.5]]}
{'N_estimators': [[31, 111]], 'Min_impurity_decrease': [[5, 7.5]], 'Max_depth': [[-inf, 4]]}
{'N_estimators': [[31, 111]], 'Min_impurity_decrease': [[5, 7.5]], 'Max_depth': [[-inf, 4]], 'criterion': ['poisson']}
{'N_estimators': [[31, 111]], 'Min_impurity_decrease': [[5, 7.5]], 'Max_depth': [[-inf, 4]], 'criterion': ['poisson'], 'Min_sample_leaves': [[12, 13]]}
{'N_estimators': [[31, 111]], 'Min_impurity_decrease': [[5, 7.5]], 'Max_depth': [[-inf, 4]], 'criterion': ['poisson'], 'Min_sample_leaves': [[11, 13]]}

-----------
explain= {'N_estimators': [[31, 111]]}
all                {'MRE-': 75.09, 'ACC+': 7.44, 'PRED40+': 25.0, 'N': 10000} {'MRE-': 11.02, 'ACC+': 3.27, 'PRED40+': 14.53, 'N': 10000}
sway1 with 13 evals {'MRE-': 73.44, 'ACC+': 8.04, 'PRED40+': 25.0, 'N': 2} {'MRE-': 0.52, 'ACC+': 0.16, 'PRED40+': 0.0, 'N': 2}
xpln1 on 13 evals {'MRE-': 75.0, 'ACC+': 7.08, 'PRED40+': 25.0, 'N': 3978} {'MRE-': 11.31, 'ACC+': 3.33, 'PRED40+': 14.53, 'N': 3978}
top with 10000 evals {'MRE-': 64.18, 'ACC+': 33.03, 'PRED40+': 37.5, 'N': 2} {'MRE-': 5.4, 'ACC+': 7.4, 'PRED40+': 0.0, 'N': 2}

N_estimators -inf 150
N_estimators 150 inf

criterion absolute_error absolute_error
criterion poisson poisson
criterion squared_error squared_error

Min_sample_leaves -inf 2
Min_sample_leaves 2 6
Min_sample_leaves 6 inf

Min_impurity_decrease -inf 2.5
Min_impurity_decrease 2.5 inf

Max_depth -inf 8
Max_depth 8 10
Max_depth 10 16
Max_depth 16 inf

N_estimators 150 inf 1.0 {'best': 4}
criterion poisson poisson 0.73 {'best': 4, 'rest': 3}
Min_impurity_decrease -inf 2.5 0.67 {'best': 4, 'rest': 4}
Max_depth 10 16 0.56 {'best': 3, 'rest': 2}
Min_sample_leaves -inf 2 0.5 {'best': 2}
Min_sample_leaves 2 6 0.25 {'best': 2, 'rest': 4}
Max_depth 8 10 0.13 {'best': 1, 'rest': 2}
N_estimators -inf 150 0.0 {'rest': 8}
criterion absolute_error absolute_error 0.0 {'rest': 2}
criterion squared_error squared_error 0.0 {'rest': 3}
Min_sample_leaves 6 inf 0.0 {'rest': 4}
Min_impurity_decrease 2.5 inf 0.0 {'rest': 4}
Max_depth -inf 8 0.0 {'rest': 3}
Max_depth 16 inf 0.0 {'rest': 1}
{'N_estimators': [[150, inf]]}
{'N_estimators': [[150, inf]], 'criterion': ['poisson']}
{'N_estimators': [[150, inf]], 'criterion': ['poisson'], 'Min_impurity_decrease': [[-inf, 2.5]]}
{'N_estimators': [[150, inf]], 'criterion': ['poisson'], 'Min_impurity_decrease': [[-inf, 2.5]], 'Max_depth': [[10, 16]]}
{'N_estimators': [[150, inf]], 'criterion': ['poisson'], 'Min_impurity_decrease': [[-inf, 2.5]], 'Max_depth': [[10, 16]], 'Min_sample_leaves': [[-inf, 2]]}
{'N_estimators': [[150, inf]], 'criterion': ['poisson'], 'Min_impurity_decrease': [[-inf, 2.5]], 'Max_depth': [[10, 16]], 'Min_sample_leaves': [[-inf, 6]]}
{'N_estimators': [[150, inf]], 'criterion': ['poisson'], 'Min_impurity_decrease': [[-inf, 2.5]], 'Max_depth': [[8, 16]], 'Min_sample_leaves': [[-inf, 6]]}

-----------
explain= {'N_estimators': [[150, inf]], 'criterion': ['poisson']}
all                {'MRE-': 74.78, 'ACC+': 7.08, 'PRED40+': 25.0, 'N': 10000} {'MRE-': 10.7, 'ACC+': 3.2, 'PRED40+': 14.53, 'N': 10000}
sway1 with 12 evals {'MRE-': 74.84, 'ACC+': 7.99, 'PRED40+': 25.0, 'N': 4} {'MRE-': 2.18, 'ACC+': 2.43, 'PRED40+': 4.84, 'N': 4}
xpln1 on 12 evals {'MRE-': 73.6, 'ACC+': 7.54, 'PRED40+': 25.0, 'N': 1006} {'MRE-': 1.17, 'ACC+': 0.41, 'PRED40+': 9.69, 'N': 1006}
top with 10000 evals {'MRE-': 67.27, 'ACC+': 33.03, 'PRED40+': 37.5, 'N': 4} {'MRE-': 6.75, 'ACC+': 9.4, 'PRED40+': 0.0, 'N': 4}

N_estimators -inf 20
N_estimators 20 inf

criterion absolute_error absolute_error
criterion poisson poisson
criterion squared_error squared_error

Min_sample_leaves -inf 4
Min_sample_leaves 4 14
Min_sample_leaves 14 inf

Min_impurity_decrease -inf 2.25
Min_impurity_decrease 2.25 inf

Max_depth -inf 14
Max_depth 14 inf

Min_impurity_decrease -inf 2.25 0.91 {'best': 2, 'rest': 1}
N_estimators -inf 20 0.83 {'best': 2, 'rest': 2}
Max_depth 14 inf 0.83 {'best': 2, 'rest': 2}
Min_sample_leaves 4 14 0.77 {'best': 2, 'rest': 3}
criterion squared_error squared_error 0.67 {'best': 2, 'rest': 5}
N_estimators 20 inf 0.0 {'rest': 8}
criterion absolute_error absolute_error 0.0 {'rest': 3}
criterion poisson poisson 0.0 {'rest': 2}
Min_sample_leaves -inf 4 0.0 {'rest': 3}
Min_sample_leaves 14 inf 0.0 {'rest': 4}
Min_impurity_decrease 2.25 inf 0.0 {'rest': 9}
Max_depth -inf 14 0.0 {'rest': 8}
{'Min_impurity_decrease': [[-inf, 2.25]]}
{'Min_impurity_decrease': [[-inf, 2.25]], 'N_estimators': [[-inf, 20]]}
{'Min_impurity_decrease': [[-inf, 2.25]], 'N_estimators': [[-inf, 20]], 'Max_depth': [[14, inf]]}
{'Min_impurity_decrease': [[-inf, 2.25]], 'N_estimators': [[-inf, 20]], 'Max_depth': [[14, inf]], 'Min_sample_leaves': [[4, 14]]}
{'Min_impurity_decrease': [[-inf, 2.25]], 'N_estimators': [[-inf, 20]], 'Max_depth': [[14, inf]], 'Min_sample_leaves': [[4, 14]], 'criterion': ['squared_error']}

-----------
explain= {'Min_impurity_decrease': [[-inf, 2.25]], 'N_estimators': [[-inf, 20]]}
all                {'MRE-': 75.0, 'ACC+': 7.12, 'PRED40+': 25.0, 'N': 10000} {'MRE-': 11.02, 'ACC+': 3.19, 'PRED40+': 14.53, 'N': 10000}
sway1 with 13 evals {'MRE-': 74.12, 'ACC+': 8.23, 'PRED40+': 25.0, 'N': 2} {'MRE-': 1.02, 'ACC+': 0.32, 'PRED40+': 0.0, 'N': 2}
xpln1 on 13 evals {'MRE-': 77.85, 'ACC+': 6.41, 'PRED40+': 25.0, 'N': 115} {'MRE-': 12.83, 'ACC+': 3.97, 'PRED40+': 14.53, 'N': 115}
top with 10000 evals {'MRE-': 67.27, 'ACC+': 35.05, 'PRED40+': 37.5, 'N': 2} {'MRE-': 1.2, 'ACC+': 0.78, 'PRED40+': 0.0, 'N': 2}

N_estimators -inf 40
N_estimators 40 130
N_estimators 130 inf

criterion absolute_error absolute_error
criterion poisson poisson
criterion squared_error squared_error

Min_sample_leaves -inf 4
Min_sample_leaves 4 14
Min_sample_leaves 14 inf

Min_impurity_decrease -inf 2.25
Min_impurity_decrease 2.25 inf

Max_depth -inf 12
Max_depth 12 inf

Min_impurity_decrease -inf 2.25 0.95 {'best': 4, 'rest': 1}
criterion squared_error squared_error 0.74 {'best': 4, 'rest': 7}
Max_depth 12 inf 0.74 {'best': 4, 'rest': 7}
N_estimators 40 130 0.69 {'best': 4, 'rest': 9}
Min_sample_leaves 4 14 0.54 {'best': 3, 'rest': 6}
Min_sample_leaves -inf 4 0.13 {'best': 1, 'rest': 5}
N_estimators -inf 40 0.0 {'rest': 3}
N_estimators 130 inf 0.0 {'rest': 8}
criterion absolute_error absolute_error 0.0 {'rest': 7}
criterion poisson poisson 0.0 {'rest': 6}
Min_sample_leaves 14 inf 0.0 {'rest': 9}
Min_impurity_decrease 2.25 inf 0.0 {'rest': 19}
Max_depth -inf 12 0.0 {'rest': 13}
{'Min_impurity_decrease': [[-inf, 2.25]]}
{'Min_impurity_decrease': [[-inf, 2.25]], 'criterion': ['squared_error']}
{'Min_impurity_decrease': [[-inf, 2.25]], 'criterion': ['squared_error'], 'Max_depth': [[12, inf]]}
{'Min_impurity_decrease': [[-inf, 2.25]], 'criterion': ['squared_error'], 'Max_depth': [[12, inf]], 'N_estimators': [[40, 130]]}
{'Min_impurity_decrease': [[-inf, 2.25]], 'criterion': ['squared_error'], 'Max_depth': [[12, inf]], 'N_estimators': [[40, 130]], 'Min_sample_leaves': [[4, 14]]}
{'Min_impurity_decrease': [[-inf, 2.25]], 'criterion': ['squared_error'], 'Max_depth': [[12, inf]], 'N_estimators': [[40, 130]], 'Min_sample_leaves': [[-inf, 14]]}

-----------
explain= {'Min_impurity_decrease': [[-inf, 2.25]]}
all                {'MRE-': 75.08, 'ACC+': 7.09, 'PRED40+': 25.0, 'N': 10000} {'MRE-': 10.94, 'ACC+': 3.19, 'PRED40+': 14.53, 'N': 10000}
sway1 with 12 evals {'MRE-': 72.37, 'ACC+': 7.51, 'PRED40+': 25.0, 'N': 4} {'MRE-': 1.48, 'ACC+': 0.19, 'PRED40+': 0.0, 'N': 4}
xpln1 on 12 evals {'MRE-': 75.05, 'ACC+': 7.08, 'PRED40+': 25.0, 'N': 2200} {'MRE-': 11.22, 'ACC+': 3.4, 'PRED40+': 14.53, 'N': 2200}
top with 10000 evals {'MRE-': 67.27, 'ACC+': 33.03, 'PRED40+': 37.5, 'N': 4} {'MRE-': 6.75, 'ACC+': 9.4, 'PRED40+': 0.0, 'N': 4}

N_estimators -inf 130
N_estimators 130 181
N_estimators 181 inf

criterion absolute_error absolute_error
criterion poisson poisson
criterion squared_error squared_error

Min_sample_leaves -inf 3
Min_sample_leaves 3 4
Min_sample_leaves 4 5
Min_sample_leaves 5 inf

Min_impurity_decrease -inf 1.75
Min_impurity_decrease 1.75 2
Min_impurity_decrease 2 2.5
Min_impurity_decrease 2.5 3
Min_impurity_decrease 3 inf

Max_depth -inf 8
Max_depth 8 10
Max_depth 10 inf

N_estimators 130 181 1.0 {'best': 2}
criterion absolute_error absolute_error 0.91 {'best': 2, 'rest': 1}
Max_depth 8 10 0.77 {'best': 2, 'rest': 3}
Min_sample_leaves -inf 3 0.5 {'best': 1}
Min_sample_leaves 4 5 0.5 {'best': 1}
Min_impurity_decrease 2.5 3 0.5 {'best': 1}
Min_impurity_decrease 1.75 2 0.42 {'best': 1, 'rest': 1}
N_estimators -inf 130 0.0 {'rest': 9}
N_estimators 181 inf 0.0 {'rest': 1}
criterion poisson poisson 0.0 {'rest': 5}
criterion squared_error squared_error 0.0 {'rest': 4}
Min_sample_leaves 3 4 0.0 {'rest': 1}
Min_sample_leaves 5 inf 0.0 {'rest': 9}
Min_impurity_decrease -inf 1.75 0.0 {'rest': 1}
Min_impurity_decrease 2 2.5 0.0 {'rest': 1}
Min_impurity_decrease 3 inf 0.0 {'rest': 7}
Max_depth -inf 8 0.0 {'rest': 3}
Max_depth 10 inf 0.0 {'rest': 4}
{'N_estimators': [[130, 181]]}
{'N_estimators': [[130, 181]], 'criterion': ['absolute_error']}
{'N_estimators': [[130, 181]], 'criterion': ['absolute_error'], 'Max_depth': [[8, 10]]}
{'N_estimators': [[130, 181]], 'criterion': ['absolute_error'], 'Max_depth': [[8, 10]], 'Min_sample_leaves': [[-inf, 3]]}
{'N_estimators': [[130, 181]], 'criterion': ['absolute_error'], 'Max_depth': [[8, 10]], 'Min_sample_leaves': [[-inf, 3], [4, 5]]}
{'N_estimators': [[130, 181]], 'criterion': ['absolute_error'], 'Max_depth': [[8, 10]], 'Min_sample_leaves': [[-inf, 3], [4, 5]], 'Min_impurity_decrease': [[2.5, 3]]}
{'N_estimators': [[130, 181]], 'criterion': ['absolute_error'], 'Max_depth': [[8, 10]], 'Min_sample_leaves': [[-inf, 3], [4, 5]], 'Min_impurity_decrease': [[1.75, 2], [2.5, 3]]}

-----------
explain= {'N_estimators': [[130, 181]], 'criterion': ['absolute_error']}
all                {'MRE-': 75.25, 'ACC+': 7.13, 'PRED40+': 25.0, 'N': 10000} {'MRE-': 11.0, 'ACC+': 3.23, 'PRED40+': 14.53, 'N': 10000}
sway1 with 13 evals {'MRE-': 100.0, 'ACC+': 0.0, 'PRED40+': 37.5, 'N': 2} {'MRE-': 0.0, 'ACC+': 0.0, 'PRED40+': 0.0, 'N': 2}
xpln1 on 13 evals {'MRE-': 100.0, 'ACC+': 0.0, 'PRED40+': 37.5, 'N': 990} {'MRE-': 0.12, 'ACC+': 0.03, 'PRED40+': 14.53, 'N': 990}
top with 10000 evals {'MRE-': 75.4, 'ACC+': 7.55, 'PRED40+': 25.0, 'N': 2} {'MRE-': 0.67, 'ACC+': 2.08, 'PRED40+': 9.69, 'N': 2}

N_estimators -inf 110
N_estimators 110 140
N_estimators 140 170
N_estimators 170 inf

criterion absolute_error absolute_error
criterion poisson poisson
criterion squared_error squared_error

Min_sample_leaves -inf 14
Min_sample_leaves 14 17
Min_sample_leaves 17 inf

Min_impurity_decrease -inf 2
Min_impurity_decrease 2 4
Min_impurity_decrease 4 5.75
Min_impurity_decrease 5.75 inf

Max_depth -inf 7
Max_depth 7 11
Max_depth 11 14
Max_depth 14 inf

Min_sample_leaves 17 inf 0.79 {'best': 8, 'rest': 2}
criterion absolute_error absolute_error 0.62 {'best': 9, 'rest': 11}
Min_impurity_decrease 2 4 0.37 {'best': 5, 'rest': 5}
Max_depth 11 14 0.37 {'best': 5, 'rest': 5}
Max_depth 7 11 0.36 {'best': 4, 'rest': 2}
N_estimators 170 inf 0.32 {'best': 4, 'rest': 3}
Min_impurity_decrease 4 5.75 0.32 {'best': 4, 'rest': 3}
N_estimators 110 140 0.29 {'best': 3, 'rest': 1}
N_estimators 140 170 0.11 {'best': 2, 'rest': 4}
Min_sample_leaves 14 17 0.03 {'best': 1, 'rest': 5}
N_estimators -inf 110 0.0 {'rest': 10}
criterion poisson poisson 0.0 {'rest': 4}
criterion squared_error squared_error 0.0 {'rest': 3}
Min_sample_leaves -inf 14 0.0 {'rest': 11}
Min_impurity_decrease -inf 2 0.0 {'rest': 5}
Min_impurity_decrease 5.75 inf 0.0 {'rest': 5}
Max_depth -inf 7 0.0 {'rest': 6}
Max_depth 14 inf 0.0 {'rest': 5}
{'Min_sample_leaves': [[17, inf]]}
{'Min_sample_leaves': [[17, inf]], 'criterion': ['absolute_error']}
{'Min_sample_leaves': [[17, inf]], 'criterion': ['absolute_error'], 'Min_impurity_decrease': [[2, 4]]}
{'Min_sample_leaves': [[17, inf]], 'criterion': ['absolute_error'], 'Min_impurity_decrease': [[2, 4]], 'Max_depth': [[11, 14]]}
{'Min_sample_leaves': [[17, inf]], 'criterion': ['absolute_error'], 'Min_impurity_decrease': [[2, 4]], 'Max_depth': [[7, 14]]}
{'Min_sample_leaves': [[17, inf]], 'criterion': ['absolute_error'], 'Min_impurity_decrease': [[2, 4]], 'Max_depth': [[7, 14]], 'N_estimators': [[170, inf]]}
{'Min_sample_leaves': [[17, inf]], 'criterion': ['absolute_error'], 'Min_impurity_decrease': [[2, 5.75]], 'Max_depth': [[7, 14]], 'N_estimators': [[170, inf]]}
{'Min_sample_leaves': [[17, inf]], 'criterion': ['absolute_error'], 'Min_impurity_decrease': [[2, 5.75]], 'Max_depth': [[7, 14]], 'N_estimators': [[110, 140], [170, inf]]}
{'Min_sample_leaves': [[17, inf]], 'criterion': ['absolute_error'], 'Min_impurity_decrease': [[2, 5.75]], 'Max_depth': [[7, 14]], 'N_estimators': [[110, inf]]}

-----------
explain= {'Min_sample_leaves': [[17, inf]], 'criterion': ['absolute_error']}
all                {'MRE-': 75.0, 'ACC+': 7.16, 'PRED40+': 25.0, 'N': 10000} {'MRE-': 10.97, 'ACC+': 3.2, 'PRED40+': 14.53, 'N': 10000}
sway1 with 11 evals {'MRE-': 100.0, 'ACC+': 0.0, 'PRED40+': 37.5, 'N': 9} {'MRE-': 0.09, 'ACC+': 0.03, 'PRED40+': 14.53, 'N': 9}
xpln1 on 11 evals {'MRE-': 100.0, 'ACC+': 0.0, 'PRED40+': 37.5, 'N': 635} {'MRE-': 0.14, 'ACC+': 0.03, 'PRED40+': 14.53, 'N': 635}
top with 10000 evals {'MRE-': 95.56, 'ACC+': 19.63, 'PRED40+': 37.5, 'N': 9} {'MRE-': 10.08, 'ACC+': 13.38, 'PRED40+': 0.0, 'N': 9}

N_estimators -inf 30
N_estimators 30 inf

criterion absolute_error absolute_error
criterion poisson poisson
criterion squared_error squared_error

Min_sample_leaves -inf 3
Min_sample_leaves 3 14
Min_sample_leaves 14 inf

Min_impurity_decrease -inf 2.25
Min_impurity_decrease 2.25 inf

Max_depth -inf 2
Max_depth 2 14
Max_depth 14 inf

N_estimators -inf 30 0.83 {'best': 4, 'rest': 4}
criterion squared_error squared_error 0.77 {'best': 4, 'rest': 6}
Min_sample_leaves 3 14 0.71 {'best': 4, 'rest': 8}
Min_impurity_decrease -inf 2.25 0.69 {'best': 4, 'rest': 9}
Max_depth 2 14 0.65 {'best': 4, 'rest': 11}
N_estimators 30 inf 0.0 {'rest': 16}
criterion absolute_error absolute_error 0.0 {'rest': 4}
criterion poisson poisson 0.0 {'rest': 10}
Min_sample_leaves -inf 3 0.0 {'rest': 5}
Min_sample_leaves 14 inf 0.0 {'rest': 7}
Min_impurity_decrease 2.25 inf 0.0 {'rest': 11}
Max_depth -inf 2 0.0 {'rest': 3}
Max_depth 14 inf 0.0 {'rest': 6}
{'N_estimators': [[-inf, 30]]}
{'N_estimators': [[-inf, 30]], 'criterion': ['squared_error']}
{'N_estimators': [[-inf, 30]], 'criterion': ['squared_error'], 'Min_sample_leaves': [[3, 14]]}
{'N_estimators': [[-inf, 30]], 'criterion': ['squared_error'], 'Min_sample_leaves': [[3, 14]], 'Min_impurity_decrease': [[-inf, 2.25]]}
{'N_estimators': [[-inf, 30]], 'criterion': ['squared_error'], 'Min_sample_leaves': [[3, 14]], 'Min_impurity_decrease': [[-inf, 2.25]], 'Max_depth': [[2, 14]]}

-----------
explain= {'N_estimators': [[-inf, 30]], 'criterion': ['squared_error'], 'Min_sample_leaves': [[3, 14]]}
all                {'MRE-': 75.03, 'ACC+': 7.21, 'PRED40+': 25.0, 'N': 10000} {'MRE-': 10.98, 'ACC+': 3.19, 'PRED40+': 14.53, 'N': 10000}
sway1 with 12 evals {'MRE-': 73.9, 'ACC+': 7.55, 'PRED40+': 25.0, 'N': 4} {'MRE-': 6.03, 'ACC+': 1.83, 'PRED40+': 9.69, 'N': 4}
xpln1 on 12 evals {'MRE-': 73.68, 'ACC+': 7.55, 'PRED40+': 25.0, 'N': 148} {'MRE-': 5.61, 'ACC+': 2.05, 'PRED40+': 9.69, 'N': 148}
top with 10000 evals {'MRE-': 64.18, 'ACC+': 33.03, 'PRED40+': 37.5, 'N': 4} {'MRE-': 6.59, 'ACC+': 8.18, 'PRED40+': 4.84, 'N': 4}

N_estimators -inf 150
N_estimators 150 170
N_estimators 170 inf

criterion absolute_error absolute_error
criterion poisson poisson
criterion squared_error squared_error

Min_sample_leaves -inf 13
Min_sample_leaves 13 15
Min_sample_leaves 15 17
Min_sample_leaves 17 inf

Min_impurity_decrease -inf 0.5
Min_impurity_decrease 0.5 1.75
Min_impurity_decrease 1.75 3
Min_impurity_decrease 3 4.25
Min_impurity_decrease 4.25 5.5
Min_impurity_decrease 5.5 6.75
Min_impurity_decrease 6.75 8
Min_impurity_decrease 8 inf

Max_depth -inf 5
Max_depth 5 8
Max_depth 8 10
Max_depth 10 13
Max_depth 13 15
Max_depth 15 17
Max_depth 17 inf

criterion poisson poisson 0.75 {'best': 39, 'rest': 66}
N_estimators 170 inf 0.55 {'best': 26, 'rest': 28}
Min_sample_leaves 17 inf 0.54 {'best': 26, 'rest': 31}
Max_depth 10 13 0.29 {'best': 15, 'rest': 25}
N_estimators 150 170 0.28 {'best': 13, 'rest': 12}
Min_sample_leaves 15 17 0.2 {'best': 11, 'rest': 22}
Min_impurity_decrease 1.75 3 0.15 {'best': 9, 'rest': 23}
Min_impurity_decrease 3 4.25 0.14 {'best': 9, 'rest': 28}
Min_impurity_decrease 4.25 5.5 0.14 {'best': 8, 'rest': 20}
Max_depth 13 15 0.12 {'best': 7, 'rest': 16}
Min_impurity_decrease 5.5 6.75 0.12 {'best': 7, 'rest': 17}
Max_depth 8 10 0.1 {'best': 6, 'rest': 18}
Max_depth 5 8 0.08 {'best': 6, 'rest': 27}
Min_impurity_decrease 0.5 1.75 0.04 {'best': 4, 'rest': 28}
Max_depth 17 inf 0.03 {'best': 3, 'rest': 30}
Min_sample_leaves 13 15 0.02 {'best': 2, 'rest': 20}
Max_depth 15 17 0.01 {'best': 2, 'rest': 32}
Min_impurity_decrease -inf 0.5 0.01 {'best': 1, 'rest': 10}
Min_impurity_decrease 6.75 8 0.0 {'best': 1, 'rest': 24}
N_estimators -inf 150 0.0 {'rest': 155}
criterion absolute_error absolute_error 0.0 {'rest': 63}
criterion squared_error squared_error 0.0 {'rest': 66}
Min_sample_leaves -inf 13 0.0 {'rest': 122}
Min_impurity_decrease 8 inf 0.0 {'rest': 45}
Max_depth -inf 5 0.0 {'rest': 47}
{'criterion': ['poisson']}
{'criterion': ['poisson'], 'N_estimators': [[170, inf]]}
{'criterion': ['poisson'], 'N_estimators': [[170, inf]], 'Min_sample_leaves': [[17, inf]]}
{'criterion': ['poisson'], 'N_estimators': [[170, inf]], 'Min_sample_leaves': [[17, inf]], 'Max_depth': [[10, 13]]}
{'criterion': ['poisson'], 'N_estimators': [[150, inf]], 'Min_sample_leaves': [[17, inf]], 'Max_depth': [[10, 13]]}
{'criterion': ['poisson'], 'N_estimators': [[150, inf]], 'Min_sample_leaves': [[15, inf]], 'Max_depth': [[10, 13]]}
{'criterion': ['poisson'], 'N_estimators': [[150, inf]], 'Min_sample_leaves': [[15, inf]], 'Max_depth': [[10, 13]], 'Min_impurity_decrease': [[1.75, 3]]}
{'criterion': ['poisson'], 'N_estimators': [[150, inf]], 'Min_sample_leaves': [[15, inf]], 'Max_depth': [[10, 13]], 'Min_impurity_decrease': [[1.75, 4.25]]}
{'criterion': ['poisson'], 'N_estimators': [[150, inf]], 'Min_sample_leaves': [[15, inf]], 'Max_depth': [[10, 13]], 'Min_impurity_decrease': [[1.75, 5.5]]}
{'criterion': ['poisson'], 'N_estimators': [[150, inf]], 'Min_sample_leaves': [[15, inf]], 'Max_depth': [[10, 15]], 'Min_impurity_decrease': [[1.75, 5.5]]}
{'criterion': ['poisson'], 'N_estimators': [[150, inf]], 'Min_sample_leaves': [[15, inf]], 'Max_depth': [[10, 15]], 'Min_impurity_decrease': [[1.75, 6.75]]}
{'criterion': ['poisson'], 'N_estimators': [[150, inf]], 'Min_sample_leaves': [[15, inf]], 'Max_depth': [[8, 15]], 'Min_impurity_decrease': [[1.75, 6.75]]}
{'criterion': ['poisson'], 'N_estimators': [[150, inf]], 'Min_sample_leaves': [[15, inf]], 'Max_depth': [[5, 15]], 'Min_impurity_decrease': [[1.75, 6.75]]}

-----------
explain= {'criterion': ['poisson'], 'N_estimators': [[170, inf]]}
all                {'MRE-': 74.93, 'ACC+': 7.17, 'PRED40+': 25.0, 'N': 10000} {'MRE-': 10.69, 'ACC+': 3.22, 'PRED40+': 14.53, 'N': 10000}
sway1 with 9 evals {'MRE-': 73.91, 'ACC+': 7.52, 'PRED40+': 25.0, 'N': 39} {'MRE-': 0.94, 'ACC+': 0.31, 'PRED40+': 9.69, 'N': 39}
xpln1 on 9 evals {'MRE-': 73.77, 'ACC+': 7.51, 'PRED40+': 25.0, 'N': 670} {'MRE-': 1.51, 'ACC+': 0.45, 'PRED40+': 9.69, 'N': 670}
top with 10000 evals {'MRE-': 65.99, 'ACC+': 14.65, 'PRED40+': 37.5, 'N': 39} {'MRE-': 6.16, 'ACC+': 5.57, 'PRED40+': 4.84, 'N': 39}

N_estimators -inf 100
N_estimators 100 130
N_estimators 130 150
N_estimators 150 170
N_estimators 170 inf

criterion absolute_error absolute_error
criterion poisson poisson
criterion squared_error squared_error

Min_sample_leaves -inf 10
Min_sample_leaves 10 13
Min_sample_leaves 13 15
Min_sample_leaves 15 17
Min_sample_leaves 17 inf

Min_impurity_decrease -inf 4.25
Min_impurity_decrease 4.25 5.5
Min_impurity_decrease 5.5 6.75
Min_impurity_decrease 6.75 8
Min_impurity_decrease 8 9.25
Min_impurity_decrease 9.25 inf

Max_depth -inf 5
Max_depth 5 8
Max_depth 8 10
Max_depth 10 13
Max_depth 13 15
Max_depth 15 17
Max_depth 17 inf

criterion poisson poisson 0.76 {'best': 78, 'rest': 100}
Min_sample_leaves 17 inf 0.5 {'best': 47, 'rest': 40}
N_estimators 170 inf 0.45 {'best': 46, 'rest': 55}
Min_impurity_decrease 8 9.25 0.23 {'best': 25, 'rest': 38}
Max_depth 8 10 0.23 {'best': 22, 'rest': 21}
Min_impurity_decrease 9.25 inf 0.23 {'best': 22, 'rest': 22}
Max_depth 10 13 0.19 {'best': 24, 'rest': 63}
N_estimators 150 170 0.17 {'best': 19, 'rest': 31}
Min_impurity_decrease 5.5 6.75 0.12 {'best': 15, 'rest': 34}
Max_depth 13 15 0.11 {'best': 14, 'rest': 39}
Min_impurity_decrease 6.75 8 0.1 {'best': 13, 'rest': 38}
Min_sample_leaves 13 15 0.09 {'best': 12, 'rest': 35}
Min_sample_leaves 15 17 0.08 {'best': 11, 'rest': 38}
N_estimators 130 150 0.08 {'best': 10, 'rest': 28}
Min_sample_leaves 10 13 0.04 {'best': 8, 'rest': 49}
Max_depth 17 inf 0.04 {'best': 7, 'rest': 38}
Max_depth 5 8 0.03 {'best': 7, 'rest': 49}
Max_depth 15 17 0.02 {'best': 4, 'rest': 30}
Min_impurity_decrease 4.25 5.5 0.01 {'best': 3, 'rest': 43}
N_estimators 100 130 0.01 {'best': 3, 'rest': 46}
N_estimators -inf 100 0.0 {'rest': 152}
criterion absolute_error absolute_error 0.0 {'rest': 120}
criterion squared_error squared_error 0.0 {'rest': 92}
Min_sample_leaves -inf 10 0.0 {'rest': 150}
Min_impurity_decrease -inf 4.25 0.0 {'rest': 137}
Max_depth -inf 5 0.0 {'rest': 72}
{'criterion': ['poisson']}
{'criterion': ['poisson'], 'Min_sample_leaves': [[17, inf]]}
{'criterion': ['poisson'], 'Min_sample_leaves': [[17, inf]], 'N_estimators': [[170, inf]]}
{'criterion': ['poisson'], 'Min_sample_leaves': [[17, inf]], 'N_estimators': [[170, inf]], 'Min_impurity_decrease': [[8, 9.25]]}
{'criterion': ['poisson'], 'Min_sample_leaves': [[17, inf]], 'N_estimators': [[170, inf]], 'Min_impurity_decrease': [[8, 9.25]], 'Max_depth': [[8, 10]]}
{'criterion': ['poisson'], 'Min_sample_leaves': [[17, inf]], 'N_estimators': [[170, inf]], 'Min_impurity_decrease': [[8, inf]], 'Max_depth': [[8, 10]]}
{'criterion': ['poisson'], 'Min_sample_leaves': [[17, inf]], 'N_estimators': [[170, inf]], 'Min_impurity_decrease': [[8, inf]], 'Max_depth': [[8, 13]]}
{'criterion': ['poisson'], 'Min_sample_leaves': [[17, inf]], 'N_estimators': [[150, inf]], 'Min_impurity_decrease': [[8, inf]], 'Max_depth': [[8, 13]]}
{'criterion': ['poisson'], 'Min_sample_leaves': [[17, inf]], 'N_estimators': [[150, inf]], 'Min_impurity_decrease': [[5.5, 6.75], [8, inf]], 'Max_depth': [[8, 13]]}
{'criterion': ['poisson'], 'Min_sample_leaves': [[17, inf]], 'N_estimators': [[150, inf]], 'Min_impurity_decrease': [[5.5, 6.75], [8, inf]], 'Max_depth': [[8, 15]]}
{'criterion': ['poisson'], 'Min_sample_leaves': [[17, inf]], 'N_estimators': [[150, inf]], 'Min_impurity_decrease': [[5.5, inf]], 'Max_depth': [[8, 15]]}
{'criterion': ['poisson'], 'Min_sample_leaves': [[13, 15], [17, inf]], 'N_estimators': [[150, inf]], 'Min_impurity_decrease': [[5.5, inf]], 'Max_depth': [[8, 15]]}

-----------
explain= {'criterion': ['poisson']}
all                {'MRE-': 75.12, 'ACC+': 7.06, 'PRED40+': 25.0, 'N': 10000} {'MRE-': 10.9, 'ACC+': 3.25, 'PRED40+': 14.53, 'N': 10000}
sway1 with 8 evals {'MRE-': 73.85, 'ACC+': 7.5, 'PRED40+': 25.0, 'N': 78} {'MRE-': 1.41, 'ACC+': 0.44, 'PRED40+': 9.69, 'N': 78}
xpln1 on 8 evals {'MRE-': 73.68, 'ACC+': 7.54, 'PRED40+': 25.0, 'N': 3335} {'MRE-': 1.93, 'ACC+': 0.66, 'PRED40+': 9.69, 'N': 3335}
top with 10000 evals {'MRE-': 64.91, 'ACC+': 11.4, 'PRED40+': 25.0, 'N': 78} {'MRE-': 4.68, 'ACC+': 3.98, 'PRED40+': 4.84, 'N': 78}
------------------
------------------
HPs
------------------
bins :  3
better :  bdom
Far :  0.82
min_size :  0.2
Max :  2100
dist :  1.0
rest :  5
------------------
------------------

sway on 12 evals {'MRE-': 72.37, 'ACC+': 7.51, 'PRED40+': 25.0, 'N': 4}
------------------
explain= {'N_estimators': [[150, inf]], 'criterion': ['poisson']}
HPs
------------------
bins :  5
better :  bdom
Far :  0.7
min_size :  0.2
Max :  100
dist :  3.0
rest :  2
------------------
------------------
xpln on 12 evals {'MRE-': 73.6, 'ACC+': 7.54, 'PRED40+': 25.0, 'N': 1006}
Best Xpln HPs
✅ pass:	 hpo
{'eps': 0.05, 'minpts': 5, 'bins': 16, 'sway': 'original', 'better': 'zitler', 'file': 'data/healthCloseIsses12mths0001-hard.csv', 'Far': 0.95, 'min': 0.5, 'Max': 512, 'p': 2, 'rest': 4, 'go': 'all', 'help': False, 'Reuse': True, 'seed': 937162211, 'debug': False, 'bootstrap': 512, 'conf': 0.05, 'cliffs': 0.147, 'cohen': 0.35, 'width': 40}
✅ pass:	 the
#W ?k <class 'str'>
#W ?v <class 'dict'>
#W ?settings <class 'function'>
#W ?cli <class 'function'>
#W ?make_attempt <class 'function'>
#W ?main <class 'function'>
#W ?Seed <class 'int'>
✅ Number of tests passing -> 2
❌ Number of tests failing -> 0
