✅ pass:	 myOwnTest
{'dump': False, 'file': 'data/auto93.csv', 'Far': 0.95, 'go': 'all', 'help': False, 'min': 0.5, 'p': 2, 'seed': 937162211, 'Sample': 512}
✅ pass:	 the
✅ pass:	 sym
✅ pass:	 num
✅ pass:	 data
✅ pass:	 clone
0 0 {0: 8, 1: 304.0, 2: 193, 3: 4732, 4: 18.5, 5: 70, 6: 1, 7: 10}
50 0.17 {0: 8, 1: 318, 2: 150, 3: 4457, 4: 13.5, 5: 74, 6: 1, 7: 10}
100 0.28 {0: 6, 1: 232, 2: 100, 3: 2901, 4: 16, 5: 74, 6: 1, 7: 20}
150 0.38 {0: 8, 1: 351, 2: 142, 3: 4054, 4: 14.3, 5: 79, 6: 1, 7: 20}
200 0.55 {0: 4, 1: 122, 2: 96, 3: 2300, 4: 15.5, 5: 77, 6: 1, 7: 30}
250 0.68 {0: 4, 1: 119, 2: 82, 3: 2720, 4: 19.4, 5: 82, 6: 1, 7: 30}
300 0.71 {0: 4, 1: 119, 2: 97, 3: 2545, 4: 17, 5: 75, 6: 3, 7: 20}
350 0.79 {0: 4, 1: 146, 2: 67, 3: 3250, 4: 21.8, 5: 80, 6: 2, 7: 30}
✅ pass:	 around
199 199 398
{0: 4, 1: 105, 2: 74, 3: 2190, 4: 14.2, 5: 81, 6: 2, 7: 30} 0.7061917764866991
{0: 4, 1: 98, 2: 83, 3: 2075, 4: 15.9, 5: 77, 6: 1, 7: 30}
{0: 6, 1: 250, 2: 100, 3: 3329, 4: 15.5, 5: 71, 6: 1, 7: 20}
✅ pass:	 half
398  {'Lbs-': 2970.4, 'Acc+': 15.6, 'Mpg+': 23.8}
| 199  
| | 99  
| | | 49  
| | | | 24  {'Lbs-': 2177.3, 'Acc+': 15.8, 'Mpg+': 28.3}
| | | | 25  {'Lbs-': 2428.4, 'Acc+': 16.6, 'Mpg+': 27.6}
| | | 50  
| | | | 25  {'Lbs-': 2483.1, 'Acc+': 15.2, 'Mpg+': 24.0}
| | | | 25  {'Lbs-': 2025.8, 'Acc+': 17.5, 'Mpg+': 28.4}
| | 100  
| | | 50  
| | | | 25  {'Lbs-': 2567.6, 'Acc+': 16.1, 'Mpg+': 31.2}
| | | | 25  {'Lbs-': 2292.2, 'Acc+': 16.8, 'Mpg+': 32.4}
| | | 50  
| | | | 25  {'Lbs-': 2830.2, 'Acc+': 16.6, 'Mpg+': 28.4}
| | | | 25  {'Lbs-': 2050.8, 'Acc+': 16.6, 'Mpg+': 35.6}
| 199  
| | 99  
| | | 49  
| | | | 24  {'Lbs-': 2700.0, 'Acc+': 16.6, 'Mpg+': 21.7}
| | | | 25  {'Lbs-': 3109.8, 'Acc+': 15.9, 'Mpg+': 21.2}
| | | 50  
| | | | 25  {'Lbs-': 3118.4, 'Acc+': 17.3, 'Mpg+': 21.6}
| | | | 25  {'Lbs-': 3212.6, 'Acc+': 16.3, 'Mpg+': 21.6}
| | 100  
| | | 50  
| | | | 25  {'Lbs-': 4018.0, 'Acc+': 12.7, 'Mpg+': 13.6}
| | | | 25  {'Lbs-': 4463.6, 'Acc+': 11.5, 'Mpg+': 12.0}
| | | 50  
| | | | 25  {'Lbs-': 4120.2, 'Acc+': 13.1, 'Mpg+': 13.6}
| | | | 25  {'Lbs-': 3886.2, 'Acc+': 14.5, 'Mpg+': 20.4}
✅ pass:	 cluster
398  {'Lbs-': 2970.4, 'Acc+': 15.6, 'Mpg+': 23.8}
| 199  
| | 100  
| | | 50  
| | | | 25  {'Lbs-': 1951.4, 'Acc+': 17.4, 'Mpg+': 34.4}
✅ pass:	 optimize
#W ?k <class 'str'>
#W ?v <class 'dict'>
#W ?settings <class 'function'>
#W ?cli <class 'function'>
#W ?main <class 'function'>
✅ Number of tests passing -> 10
❌ Number of tests failing -> 0
