{'dump': False, 'file': '../data/repgrid1.json', 'go': 'all', 'help': False, 'p': 2, 'seed': 937162211}
✅ pass:	 the
b4 {'a': 1, 'b': {'c': 2, 'd': [3]}} 
after {'a': 1, 'b': {'c': 2, 'd': [10000]}}
✅ pass:	 copy
✅ pass:	 sym
✅ pass:	 num
{:a Num :at 1 :hi 5 :lo 1 :m2 13.5 :mu 1.75 :n 8 :txt Num1 :w 1 }
{:a Num :at 2 :hi 5 :lo 1 :m2 17.875 :mu 2.375 :n 8 :txt Num2 :w 1 }
{:a Num :at 3 :hi 3 :lo 1 :m2 6.0 :mu 1.5 :n 8 :txt Num3 :w 1 }
{:a Num :at 4 :hi 5 :lo 1 :m2 18.875 :mu 2.125 :n 8 :txt Num4 :w 1 }
{:a Num :at 5 :hi 5 :lo 1 :m2 14.875 :mu 1.875 :n 8 :txt Num5 :w 1 }
{:a Num :at 6 :hi 5 :lo 1 :m2 32.0 :mu 3.0 :n 8 :txt Num6 :w 1 }
{:a Num :at 7 :hi 5 :lo 1 :m2 20.0 :mu 3.5 :n 8 :txt Num7 :w 1 }
{:a Num :at 8 :hi 5 :lo 2 :m2 10.875 :mu 4.125 :n 8 :txt Num8 :w 1 }
{:a Num :at 9 :hi 5 :lo 1 :m2 16.0 :mu 2.5 :n 8 :txt Num9 :w 1 }
{:a Num :at 10 :hi 5 :lo 1 :m2 15.875 :mu 2.375 :n 8 :txt Num10 :w 1 }
{:a Sym :at 11 :has {} :most 0 :n 0 :txt thingX }
{:a Row :cells [5, 3, 3, 1, 1, 1, 1, 3, 5, 5, 'DevelopmentTool:Application'] }
{:a Row :cells [2, 1, 1, 5, 5, 5, 5, 5, 1, 2, 'Multimedia:Programming'] }
{:a Row :cells [1, 3, 1, 3, 2, 5, 4, 3, 1, 1, 'Communication Technology:Application Technology'] }
{:a Row :cells [2, 1, 1, 1, 3, 5, 3, 2, 2, 2, 'HumanOrientedTool:SystemTool'] }
{:a Row :cells [1, 5, 3, 4, 1, 1, 4, 5, 4, 4, 'ConventionalCommunication:NovelCommunication'] }
{:a Row :cells [1, 4, 1, 1, 1, 1, 1, 5, 3, 1, 'OnlyActAsProgrammed:Semi-autonomous'] }
{:a Row :cells [1, 1, 1, 1, 1, 1, 5, 5, 1, 1, 'ConventionalSystem:IntelligentSystem'] }
{:a Row :cells [1, 1, 1, 1, 1, 5, 5, 5, 3, 3, 'TargetedOnInterface:TargetedOnOverallSystem'] }
✅ pass:	 repcols
77
|.. 53
|.. |.. 31
|.. |.. |.. 2:HumanOrientedTool:SystemTool
|.. |.. |.. 1:Communication Technology:Application Technology
|.. |.. 51
|.. |.. |.. 2:Multimedia:Programming
|.. |.. |.. 1:TargetedOnInterface:TargetedOnOverallSystem
|.. 65
|.. |.. 46
|.. |.. |.. 1:ConventionalCommunication:NovelCommunication
|.. |.. |.. 5:DevelopmentTool:Application
|.. |.. 45
|.. |.. |.. 1:ConventionalSystem:IntelligentSystem
|.. |.. |.. 1:OnlyActAsProgrammed:Semi-autonomous
✅ pass:	 synonyms
{:a Num :at 1 :hi 5 :lo 1 :m2 27.6 :mu 2.8 :n 10 :txt DevelopmentTool:Application :w 1 }
{:a Num :at 2 :hi 5 :lo 1 :m2 33.6 :mu 3.2 :n 10 :txt Multimedia:Programming :w 1 }
{:a Num :at 3 :hi 5 :lo 1 :m2 18.4 :mu 2.4 :n 10 :txt Communication Technology:Application Technology :w 1 }
{:a Num :at 4 :hi 5 :lo 1 :m2 13.6 :mu 2.2 :n 10 :txt HumanOrientedTool:SystemTool :w 1 }
{:a Num :at 5 :hi 5 :lo 1 :m2 23.6 :mu 3.2 :n 10 :txt ConventionalCommunication:NovelCommunication :w 1 }
{:a Num :at 6 :hi 5 :lo 1 :m2 20.9 :mu 1.9 :n 10 :txt OnlyActAsProgrammed:Semi-autonomous :w 1 }
{:a Num :at 7 :hi 5 :lo 1 :m2 25.6 :mu 1.8 :n 10 :txt ConventionalSystem:IntelligentSystem :w 1 }
{:a Num :at 8 :hi 5 :lo 1 :m2 30.4 :mu 2.6 :n 10 :txt TargetedOnInterface:TargetedOnOverallSystem :w 1 }
{:a Sym :at 9 :has {} :most 0 :n 0 :txt thingX }
{:a Row :cells [5, 2, 1, 2, 1, 1, 1, 1, 'ElectronicPublishing'] }
{:a Row :cells [3, 1, 3, 1, 5, 4, 1, 1, 'VirtualReality'] }
{:a Row :cells [3, 1, 1, 1, 3, 1, 1, 1, 'MultimediaAndHypermedia'] }
{:a Row :cells [1, 5, 3, 1, 4, 1, 1, 1, 'VisualProgramming'] }
{:a Row :cells [1, 5, 2, 3, 1, 1, 1, 1, 'CrossPlatformGUIs'] }
{:a Row :cells [1, 5, 5, 5, 1, 1, 1, 5, 'ObjectOrientedSystems'] }
{:a Row :cells [1, 5, 4, 3, 4, 1, 5, 5, 'KnowledgeBasedSystems'] }
{:a Row :cells [3, 5, 3, 2, 5, 5, 5, 5, 'IntelligentAgents'] }
{:a Row :cells [5, 1, 1, 2, 4, 3, 1, 3, 'InformationHighway'] }
{:a Row :cells [5, 2, 1, 2, 4, 1, 1, 3, 'BroadbandNetworks'] }
✅ pass:	 reprows
77
|.. 59
|.. |.. 42
|.. |.. |.. KnowledgeBasedSystems
|.. |.. |.. IntelligentAgents
|.. |.. 48
|.. |.. |.. VisualProgramming
|.. |.. |.. 48
|.. |.. |.. |.. ObjectOrientedSystems
|.. |.. |.. |.. CrossPlatformGUIs
|.. 52
|.. |.. 32
|.. |.. |.. ElectronicPublishing
|.. |.. |.. BroadbandNetworks
|.. |.. 36
|.. |.. |.. VirtualReality
|.. |.. |.. 33
|.. |.. |.. |.. MultimediaAndHypermedia
|.. |.. |.. |.. InformationHighway
✅ pass:	 prototypes

A ElectronicPublishing
B VirtualReality
C MultimediaAndHypermedia
D VisualProgramming
E CrossPlatformGUIs
F ObjectOrientedSystems
G KnowledgeBasedSystems
H IntelligentAgents
I InformationHighway
J BroadbandNetworks

F                             B          
                                         
                                         
                                         
                                         
                                         
                          I              
          E       D   J                  
        G                                
                    A                    
                  H                      

✅ pass:	 position
65
|.. 55
|.. |.. 33
|.. |.. |.. VisualProgramming
|.. |.. |.. CrossPlatformGUIs
|.. |.. 52
|.. |.. |.. ElectronicPublishing
|.. |.. |.. 36
|.. |.. |.. |.. VirtualReality
|.. |.. |.. |.. MultimediaAndHypermedia
|.. 71
|.. |.. 62
|.. |.. |.. IntelligentAgents
|.. |.. |.. InformationHighway
|.. |.. 70
|.. |.. |.. ObjectOrientedSystems
|.. |.. |.. 66
|.. |.. |.. |.. BroadbandNetworks
|.. |.. |.. |.. KnowledgeBasedSystems
75
|.. 56
|.. |.. 39
|.. |.. |.. ConventionalSystem:IntelligentSystem
|.. |.. |.. TargetedOnInterface:TargetedOnOverallSystem
|.. |.. 41
|.. |.. |.. Multimedia:Programming
|.. |.. |.. Communication Technology:Application Technology
|.. 67
|.. |.. 54
|.. |.. |.. DevelopmentTool:Application
|.. |.. |.. ConventionalCommunication:NovelCommunication
|.. |.. 57
|.. |.. |.. HumanOrientedTool:SystemTool
|.. |.. |.. OnlyActAsProgrammed:Semi-autonomous

A ElectronicPublishing
B VirtualReality
C MultimediaAndHypermedia
D VisualProgramming
E CrossPlatformGUIs
F ObjectOrientedSystems
G KnowledgeBasedSystems
H IntelligentAgents
I InformationHighway
J BroadbandNetworks

D                       H                
                                         
                                         
                                         
                                         
                                         
E               G                        
                                         
C       B                                
        J                                
  A         I                            
        F                                

✅ pass:	 every
#W ?k <class 'str'>
#W ?v <class 'dict'>
#W ?settings <class 'function'>
#W ?cli <class 'function'>
#W ?main <class 'function'>
✅ Number of tests passing -> 10
❌ Number of tests failing -> 0
